==================== DEBUGGING START ====================
Job is running on node: aisa-gpuB01.ki.uni-stuttgart.de
Current working directory: /mnt/nfs/home/ac148019/SSLForPDEs
SLURM Temporary Directory is: /tmp
---
VERIFYING SOURCE: Listing contents of 'datasets/NavierStokes-2D-conditoned' on NFS:
datasets/NavierStokes-2D-conditoned:
total 79833296
-rw-r--r-- 1 ac148019 Domänen-Benutzer 704729352 Oct  9 13:40 NavierStokes2D_test_144507_0.41515.h5
-rw-r--r-- 1 ac148019 Domänen-Benutzer 704729352 Oct  9 13:40 NavierStokes2D_test_198210_0.28116.h5
-rw-r--r-- 1 ac148019 Domänen-Benutzer 704729352 Oct  9 13:40 NavierStokes2D_test_239034_0.41192.h5
-rw-r--r-- 1 ac148019 Domänen-Benutzer 704729352 Oct  9 13:40 NavierStokes2D_test_296623_0.36405.h5
-rw-r--r-- 1 ac148019 Domänen-Benutzer 704729352 Oct  9 13:40 NavierStokes2D_test_337593_0.21189.h5
-rw-r--r-- 1 ac148019 Domänen-Benutzer 704729352 Oct  9 13:40 NavierStokes2D_test_391655_0.39347.h5
-rw-r--r-- 1 ac148019 Domänen-Benutzer 704729352 Oct  9 13:41 NavierStokes2D_test_392220_0.21019.h5
-rw-r--r-- 1 ac148019 Domänen-Benutzer 704729352 Oct  9 13:40 NavierStokes2D_test_415574_0.34337.h5
-rw-r--r-- 1 ac148019 Domänen-Benutzer 704729352 Oct  9 13:40 NavierStokes2D_test_431952_0.28230.h5
-rw-r--r-- 1 ac148019 Domänen-Benutzer 704729352 Oct  9 13:41 NavierStokes2D_test_452445_0.28940.h5
-rw-r--r-- 1 ac148019 Domänen-Benutzer 704729352 Oct  9 13:41 NavierStokes2D_test_471851_0.25628.h5
-rw-r--r-- 1 ac148019 Domänen-Benutzer 704729352 Oct  9 13:41 NavierStokes2D_test_541088_0.27776.h5
-rw-r--r-- 1 ac148019 Domänen-Benutzer 704729352 Oct  9 13:40 NavierStokes2D_test_600990_0.24994.h5
-rw-r--r-- 1 ac148019 Domänen-Benutzer 704729352 Oct  9 13:41 NavierStokes2D_test_61949_0.39758.h5
-rw-r--r-- 1 ac148019 Domänen-Benutzer 704729352 Oct  9 13:41 NavierStokes2D_test_646244_0.29433.h5
-rw-r--r-- 1 ac148019 Domänen-Benutzer 704729352 Oct  9 13:41 NavierStokes2D_test_795328_0.26651.h5
-rw-r--r-- 1 ac148019 Domänen-Benutzer 704729352 Oct  9 13:41 NavierStokes2D_test_806639_0.23428.h5
-rw-r--r-- 1 ac148019 Domänen-Benutzer 704729352 Oct  9 13:42 NavierStokes2D_test_891793_0.28931.h5
-rw-r--r-- 1 ac148019 Domänen-Benutzer 704729352 Oct  9 13:41 NavierStokes2D_test_950847_0.37016.h5
-rw-r--r-- 1 ac148019 Domänen-Benutzer 704729352 Oct  9 13:42 NavierStokes2D_train_144307_0.23271_32.h5
-rw-r--r-- 1 ac148019 Domänen-Benutzer 704729352 Oct  9 13:42 NavierStokes2D_train_144307_0.28755_32.h5
-rw-r--r-- 1 ac148019 Domänen-Benutzer 704729352 Oct  9 13:42 NavierStokes2D_train_144307_0.30793_32.h5
-rw-r--r-- 1 ac148019 Domänen-Benutzer 704729352 Oct  9 13:41 NavierStokes2D_train_144307_0.48881_32.h5
-rw-r--r-- 1 ac148019 Domänen-Benutzer 704729352 Oct  9 13:41 NavierStokes2D_train_198010_0.20486_32.h5
-rw-r--r-- 1 ac148019 Domänen-Benutzer 704729352 Oct  9 13:41 NavierStokes2D_train_198010_0.22194_32.h5
-rw-r--r-- 1 ac148019 Domänen-Benutzer 704729352 Oct  9 13:41 NavierStokes2D_train_198010_0.39018_32.h5
-rw-r--r-- 1 ac148019 Domänen-Benutzer 704729352 Oct  9 13:41 NavierStokes2D_train_198010_0.46583_32.h5
-rw-r--r-- 1 ac148019 Domänen-Benutzer 704729352 Oct  9 13:44 NavierStokes2D_train_238834_0.20075_32.h5
-rw-r--r-- 1 ac148019 Domänen-Benutzer 704729352 Oct  9 13:41 NavierStokes2D_train_238834_0.31720_32.h5
-rw-r--r-- 1 ac148019 Domänen-Benutzer 704729352 Oct  9 13:42 NavierStokes2D_train_238834_0.46122_32.h5
-rw-r--r-- 1 ac148019 Domänen-Benutzer 704729352 Oct  9 13:42 NavierStokes2D_train_238834_0.47944_32.h5
-rw-r--r-- 1 ac148019 Domänen-Benutzer 704729352 Oct  9 13:42 NavierStokes2D_train_296423_0.22659_32.h5
-rw-r--r-- 1 ac148019 Domänen-Benutzer 704729352 Oct  9 13:42 NavierStokes2D_train_296423_0.32638_32.h5
-rw-r--r-- 1 ac148019 Domänen-Benutzer 704729352 Oct  9 13:42 NavierStokes2D_train_296423_0.40963_32.h5
-rw-r--r-- 1 ac148019 Domänen-Benutzer 704729352 Oct  9 13:42 NavierStokes2D_train_296423_0.42276_32.h5
-rw-r--r-- 1 ac148019 Domänen-Benutzer 704729352 Oct  9 13:42 NavierStokes2D_train_337393_0.23537_32.h5
-rw-r--r-- 1 ac148019 Domänen-Benutzer 704729352 Oct  9 13:42 NavierStokes2D_train_337393_0.24895_32.h5
-rw-r--r-- 1 ac148019 Domänen-Benutzer 704729352 Oct  9 13:42 NavierStokes2D_train_337393_0.38260_32.h5
-rw-r--r-- 1 ac148019 Domänen-Benutzer 704729352 Oct  9 13:42 NavierStokes2D_train_337393_0.46072_32.h5
-rw-r--r-- 1 ac148019 Domänen-Benutzer 704729352 Oct  9 13:42 NavierStokes2D_train_391455_0.29051_32.h5
-rw-r--r-- 1 ac148019 Domänen-Benutzer 704729352 Oct  9 13:45 NavierStokes2D_train_391455_0.32352_32.h5
-rw-r--r-- 1 ac148019 Domänen-Benutzer 704729352 Oct  9 13:46 NavierStokes2D_train_391455_0.34904_32.h5
-rw-r--r-- 1 ac148019 Domänen-Benutzer 704729352 Oct  9 13:42 NavierStokes2D_train_391455_0.46292_32.h5
-rw-r--r-- 1 ac148019 Domänen-Benutzer 704729352 Oct  9 13:42 NavierStokes2D_train_392020_0.21590_32.h5
-rw-r--r-- 1 ac148019 Domänen-Benutzer 704729352 Oct  9 13:42 NavierStokes2D_train_392020_0.22155_32.h5
-rw-r--r-- 1 ac148019 Domänen-Benutzer 704729352 Oct  9 13:46 NavierStokes2D_train_392020_0.42097_32.h5
-rw-r--r-- 1 ac148019 Domänen-Benutzer 704729352 Oct  9 13:45 NavierStokes2D_train_392020_0.47829_32.h5
-rw-r--r-- 1 ac148019 Domänen-Benutzer 704729352 Oct  9 13:42 NavierStokes2D_train_415374_0.21106_32.h5
-rw-r--r-- 1 ac148019 Domänen-Benutzer 704729352 Oct  9 13:42 NavierStokes2D_train_415374_0.21963_32.h5
-rw-r--r-- 1 ac148019 Domänen-Benutzer 704729352 Oct  9 13:43 NavierStokes2D_train_415374_0.25802_32.h5
-rw-r--r-- 1 ac148019 Domänen-Benutzer 704729352 Oct  9 13:43 NavierStokes2D_train_415374_0.45038_32.h5
-rw-r--r-- 1 ac148019 Domänen-Benutzer 704729352 Oct  9 13:43 NavierStokes2D_train_431752_0.37519_32.h5
-rw-r--r-- 1 ac148019 Domänen-Benutzer 704729352 Oct  9 13:43 NavierStokes2D_train_431752_0.44318_32.h5
-rw-r--r-- 1 ac148019 Domänen-Benutzer 704729352 Oct  9 13:45 NavierStokes2D_train_431752_0.45385_32.h5
-rw-r--r-- 1 ac148019 Domänen-Benutzer 704729352 Oct  9 13:43 NavierStokes2D_train_431752_0.47850_32.h5
-rw-r--r-- 1 ac148019 Domänen-Benutzer 704729352 Oct  9 13:43 NavierStokes2D_train_452245_0.21521_32.h5
-rw-r--r-- 1 ac148019 Domänen-Benutzer 704729352 Oct  9 13:43 NavierStokes2D_train_452245_0.25726_32.h5
-rw-r--r-- 1 ac148019 Domänen-Benutzer 704729352 Oct  9 13:43 NavierStokes2D_train_452245_0.46317_32.h5
-rw-r--r-- 1 ac148019 Domänen-Benutzer 704729352 Oct  9 13:46 NavierStokes2D_train_452245_0.49045_32.h5
-rw-r--r-- 1 ac148019 Domänen-Benutzer 704729352 Oct  9 13:44 NavierStokes2D_train_471651_0.27874_32.h5
-rw-r--r-- 1 ac148019 Domänen-Benutzer 704729352 Oct  9 13:44 NavierStokes2D_train_471651_0.31013_32.h5
-rw-r--r-- 1 ac148019 Domänen-Benutzer 704729352 Oct  9 13:46 NavierStokes2D_train_471651_0.47482_32.h5
-rw-r--r-- 1 ac148019 Domänen-Benutzer 704729352 Oct  9 13:44 NavierStokes2D_train_471651_0.48198_32.h5
-rw-r--r-- 1 ac148019 Domänen-Benutzer 704729352 Oct  9 13:44 NavierStokes2D_train_496019_0.36588_32.h5
-rw-r--r-- 1 ac148019 Domänen-Benutzer        96 Oct  9 13:47 NavierStokes2D_train_496019_0.38774_32.h5
-rw-r--r-- 1 ac148019 Domänen-Benutzer 704729352 Oct  9 13:45 NavierStokes2D_train_496019_0.48488_32.h5
-rw-r--r-- 1 ac148019 Domänen-Benutzer 704729352 Oct  9 13:45 NavierStokes2D_train_540888_0.28102_32.h5
-rw-r--r-- 1 ac148019 Domänen-Benutzer 704729352 Oct  9 13:45 NavierStokes2D_train_540888_0.34307_32.h5
-rw-r--r-- 1 ac148019 Domänen-Benutzer 704729352 Oct  9 13:47 NavierStokes2D_train_540888_0.37603_32.h5
-rw-r--r-- 1 ac148019 Domänen-Benutzer 704729352 Oct  9 13:45 NavierStokes2D_train_540888_0.46336_32.h5
-rw-r--r-- 1 ac148019 Domänen-Benutzer 704729352 Oct  9 13:47 NavierStokes2D_train_600790_0.26581_32.h5
-rw-r--r-- 1 ac148019 Domänen-Benutzer 704729352 Oct  9 13:46 NavierStokes2D_train_600790_0.27498_32.h5
-rw-r--r-- 1 ac148019 Domänen-Benutzer 704729352 Oct  9 13:46 NavierStokes2D_train_600790_0.40073_32.h5
-rw-r--r-- 1 ac148019 Domänen-Benutzer 704729352 Oct  9 13:47 NavierStokes2D_train_600790_0.48498_32.h5
-rw-r--r-- 1 ac148019 Domänen-Benutzer 704729352 Oct  9 13:46 NavierStokes2D_train_61749_0.20788_32.h5
-rw-r--r-- 1 ac148019 Domänen-Benutzer 704729352 Oct  9 13:47 NavierStokes2D_train_61749_0.35089_32.h5
-rw-r--r-- 1 ac148019 Domänen-Benutzer 704729352 Oct  9 13:46 NavierStokes2D_train_61749_0.46510_32.h5
-rw-r--r-- 1 ac148019 Domänen-Benutzer 704729352 Oct  9 13:46 NavierStokes2D_train_61749_0.48726_32.h5
-rw-r--r-- 1 ac148019 Domänen-Benutzer 704729352 Oct  9 13:46 NavierStokes2D_train_646044_0.28534_32.h5
-rw-r--r-- 1 ac148019 Domänen-Benutzer 704729352 Oct  9 13:48 NavierStokes2D_train_646044_0.38791_32.h5
-rw-r--r-- 1 ac148019 Domänen-Benutzer 704729352 Oct  9 13:47 NavierStokes2D_train_646044_0.44311_32.h5
-rw-r--r-- 1 ac148019 Domänen-Benutzer 704729352 Oct  9 13:46 NavierStokes2D_train_646044_0.47793_32.h5
-rw-r--r-- 1 ac148019 Domänen-Benutzer 704729352 Oct  9 13:46 NavierStokes2D_train_795128_0.24188_32.h5
-rw-r--r-- 1 ac148019 Domänen-Benutzer 704729352 Oct  9 13:46 NavierStokes2D_train_795128_0.28220_32.h5
-rw-r--r-- 1 ac148019 Domänen-Benutzer 704729352 Oct  9 13:46 NavierStokes2D_train_795128_0.34621_32.h5
-rw-r--r-- 1 ac148019 Domänen-Benutzer 704729352 Oct  9 13:46 NavierStokes2D_train_795128_0.47272_32.h5
-rw-r--r-- 1 ac148019 Domänen-Benutzer 704729352 Oct  9 13:47 NavierStokes2D_train_806439_0.22219_32.h5
-rw-r--r-- 1 ac148019 Domänen-Benutzer 704729352 Oct  9 13:47 NavierStokes2D_train_806439_0.26172_32.h5
-rw-r--r-- 1 ac148019 Domänen-Benutzer 704729352 Oct  9 13:47 NavierStokes2D_train_806439_0.27603_32.h5
-rw-r--r-- 1 ac148019 Domänen-Benutzer 704729352 Oct  9 13:47 NavierStokes2D_train_806439_0.38271_32.h5
-rw-r--r-- 1 ac148019 Domänen-Benutzer 704729352 Oct  9 13:47 NavierStokes2D_train_891593_0.25952_32.h5
-rw-r--r-- 1 ac148019 Domänen-Benutzer 704729352 Oct  9 13:47 NavierStokes2D_train_891593_0.27800_32.h5
-rw-r--r-- 1 ac148019 Domänen-Benutzer 704729352 Oct  9 13:47 NavierStokes2D_train_891593_0.33577_32.h5
-rw-r--r-- 1 ac148019 Domänen-Benutzer 704729352 Oct  9 13:47 NavierStokes2D_train_891593_0.48383_32.h5
-rw-r--r-- 1 ac148019 Domänen-Benutzer 704729352 Oct  9 13:47 NavierStokes2D_train_950647_0.24417_32.h5
-rw-r--r-- 1 ac148019 Domänen-Benutzer 704729352 Oct  9 13:48 NavierStokes2D_train_950647_0.27974_32.h5
-rw-r--r-- 1 ac148019 Domänen-Benutzer 704729352 Oct  9 13:47 NavierStokes2D_train_950647_0.30341_32.h5
-rw-r--r-- 1 ac148019 Domänen-Benutzer 704729352 Oct  9 13:47 NavierStokes2D_train_950647_0.46762_32.h5
-rw-r--r-- 1 ac148019 Domänen-Benutzer 704729352 Oct  9 13:48 NavierStokes2D_valid_144407_0.39216.h5
-rw-r--r-- 1 ac148019 Domänen-Benutzer 704729352 Oct  9 13:47 NavierStokes2D_valid_198110_0.47113.h5
-rw-r--r-- 1 ac148019 Domänen-Benutzer 704729352 Oct  9 13:48 NavierStokes2D_valid_238934_0.31053.h5
-rw-r--r-- 1 ac148019 Domänen-Benutzer 704729352 Oct  9 13:48 NavierStokes2D_valid_296523_0.33062.h5
-rw-r--r-- 1 ac148019 Domänen-Benutzer 704729352 Oct  9 13:48 NavierStokes2D_valid_337493_0.40179.h5
-rw-r--r-- 1 ac148019 Domänen-Benutzer 704729352 Oct  9 13:48 NavierStokes2D_valid_391555_0.29853.h5
-rw-r--r-- 1 ac148019 Domänen-Benutzer 704729352 Oct  9 13:48 NavierStokes2D_valid_392120_0.33597.h5
-rw-r--r-- 1 ac148019 Domänen-Benutzer 704729352 Oct  9 13:49 NavierStokes2D_valid_415474_0.45307.h5
-rw-r--r-- 1 ac148019 Domänen-Benutzer 704729352 Oct  9 13:48 NavierStokes2D_valid_431852_0.31279.h5
-rw-r--r-- 1 ac148019 Domänen-Benutzer 704729352 Oct  9 13:49 NavierStokes2D_valid_452345_0.47992.h5
-rw-r--r-- 1 ac148019 Domänen-Benutzer 704729352 Oct  9 13:49 NavierStokes2D_valid_471751_0.30216.h5
-rw-r--r-- 1 ac148019 Domänen-Benutzer 704729352 Oct  9 13:49 NavierStokes2D_valid_540988_0.28293.h5
-rw-r--r-- 1 ac148019 Domänen-Benutzer 704729352 Oct  9 13:49 NavierStokes2D_valid_600890_0.42374.h5
-rw-r--r-- 1 ac148019 Domänen-Benutzer 704729352 Oct  9 13:49 NavierStokes2D_valid_61849_0.32323.h5
-rw-r--r-- 1 ac148019 Domänen-Benutzer 704729352 Oct  9 13:49 NavierStokes2D_valid_646144_0.48085.h5
-rw-r--r-- 1 ac148019 Domänen-Benutzer 704729352 Oct  9 13:49 NavierStokes2D_valid_795228_0.31593.h5
-rw-r--r-- 1 ac148019 Domänen-Benutzer 704729352 Oct  9 13:49 NavierStokes2D_valid_806539_0.33890.h5
-rw-r--r-- 1 ac148019 Domänen-Benutzer 704729352 Oct  9 13:49 NavierStokes2D_valid_891693_0.23412.h5
-rw-r--r-- 1 ac148019 Domänen-Benutzer 704729352 Oct  9 13:49 NavierStokes2D_valid_950747_0.24621.h5
-rw-r--r-- 1 ac148019 Domänen-Benutzer       324 Oct  9 13:25 pde_test_seed_144207.yaml
-rw-r--r-- 1 ac148019 Domänen-Benutzer       324 Oct  9 13:25 pde_test_seed_197910.yaml
-rw-r--r-- 1 ac148019 Domänen-Benutzer       324 Oct  9 13:25 pde_test_seed_238734.yaml
-rw-r--r-- 1 ac148019 Domänen-Benutzer       324 Oct  9 13:25 pde_test_seed_296323.yaml
-rw-r--r-- 1 ac148019 Domänen-Benutzer       324 Oct  9 13:25 pde_test_seed_337293.yaml
-rw-r--r-- 1 ac148019 Domänen-Benutzer       324 Oct  9 13:25 pde_test_seed_391355.yaml
-rw-r--r-- 1 ac148019 Domänen-Benutzer       324 Oct  9 13:25 pde_test_seed_391920.yaml
-rw-r--r-- 1 ac148019 Domänen-Benutzer       324 Oct  9 13:25 pde_test_seed_415274.yaml
-rw-r--r-- 1 ac148019 Domänen-Benutzer       324 Oct  9 13:25 pde_test_seed_431652.yaml
-rw-r--r-- 1 ac148019 Domänen-Benutzer       324 Oct  9 13:25 pde_test_seed_452145.yaml
-rw-r--r-- 1 ac148019 Domänen-Benutzer       324 Oct  9 13:25 pde_test_seed_471551.yaml
-rw-r--r-- 1 ac148019 Domänen-Benutzer       324 Oct  9 13:25 pde_test_seed_540788.yaml
-rw-r--r-- 1 ac148019 Domänen-Benutzer       324 Oct  9 13:25 pde_test_seed_600690.yaml
-rw-r--r-- 1 ac148019 Domänen-Benutzer       324 Oct  9 13:25 pde_test_seed_61649.yaml
-rw-r--r-- 1 ac148019 Domänen-Benutzer       324 Oct  9 13:25 pde_test_seed_645944.yaml
-rw-r--r-- 1 ac148019 Domänen-Benutzer       324 Oct  9 13:25 pde_test_seed_795028.yaml
-rw-r--r-- 1 ac148019 Domänen-Benutzer       324 Oct  9 13:25 pde_test_seed_806339.yaml
-rw-r--r-- 1 ac148019 Domänen-Benutzer       324 Oct  9 13:25 pde_test_seed_891493.yaml
-rw-r--r-- 1 ac148019 Domänen-Benutzer       324 Oct  9 13:25 pde_test_seed_950547.yaml
-rw-r--r-- 1 ac148019 Domänen-Benutzer       324 Oct  9 13:25 pde_train_seed_144207.yaml
-rw-r--r-- 1 ac148019 Domänen-Benutzer       324 Oct  9 13:25 pde_train_seed_197910.yaml
-rw-r--r-- 1 ac148019 Domänen-Benutzer       324 Oct  9 13:25 pde_train_seed_238734.yaml
-rw-r--r-- 1 ac148019 Domänen-Benutzer       324 Oct  9 13:25 pde_train_seed_296323.yaml
-rw-r--r-- 1 ac148019 Domänen-Benutzer       324 Oct  9 13:25 pde_train_seed_337293.yaml
-rw-r--r-- 1 ac148019 Domänen-Benutzer       324 Oct  9 13:25 pde_train_seed_391355.yaml
-rw-r--r-- 1 ac148019 Domänen-Benutzer       324 Oct  9 13:25 pde_train_seed_391920.yaml
-rw-r--r-- 1 ac148019 Domänen-Benutzer       324 Oct  9 13:25 pde_train_seed_415274.yaml
-rw-r--r-- 1 ac148019 Domänen-Benutzer       324 Oct  9 13:25 pde_train_seed_431652.yaml
-rw-r--r-- 1 ac148019 Domänen-Benutzer       324 Oct  9 13:25 pde_train_seed_452145.yaml
-rw-r--r-- 1 ac148019 Domänen-Benutzer       324 Oct  9 13:25 pde_train_seed_471551.yaml
-rw-r--r-- 1 ac148019 Domänen-Benutzer       324 Oct  9 13:25 pde_train_seed_495919.yaml
-rw-r--r-- 1 ac148019 Domänen-Benutzer       324 Oct  9 13:25 pde_train_seed_540788.yaml
-rw-r--r-- 1 ac148019 Domänen-Benutzer       324 Oct  9 13:25 pde_train_seed_600690.yaml
-rw-r--r-- 1 ac148019 Domänen-Benutzer       324 Oct  9 13:25 pde_train_seed_61649.yaml
-rw-r--r-- 1 ac148019 Domänen-Benutzer       324 Oct  9 13:25 pde_train_seed_645944.yaml
-rw-r--r-- 1 ac148019 Domänen-Benutzer       324 Oct  9 13:25 pde_train_seed_795028.yaml
-rw-r--r-- 1 ac148019 Domänen-Benutzer       324 Oct  9 13:25 pde_train_seed_806339.yaml
-rw-r--r-- 1 ac148019 Domänen-Benutzer       324 Oct  9 13:25 pde_train_seed_891493.yaml
-rw-r--r-- 1 ac148019 Domänen-Benutzer       324 Oct  9 13:25 pde_train_seed_950547.yaml
-rw-r--r-- 1 ac148019 Domänen-Benutzer       324 Oct  9 13:25 pde_valid_seed_144207.yaml
-rw-r--r-- 1 ac148019 Domänen-Benutzer       324 Oct  9 13:25 pde_valid_seed_197910.yaml
-rw-r--r-- 1 ac148019 Domänen-Benutzer       324 Oct  9 13:25 pde_valid_seed_238734.yaml
-rw-r--r-- 1 ac148019 Domänen-Benutzer       324 Oct  9 13:25 pde_valid_seed_296323.yaml
-rw-r--r-- 1 ac148019 Domänen-Benutzer       324 Oct  9 13:25 pde_valid_seed_337293.yaml
-rw-r--r-- 1 ac148019 Domänen-Benutzer       324 Oct  9 13:25 pde_valid_seed_391355.yaml
-rw-r--r-- 1 ac148019 Domänen-Benutzer       324 Oct  9 13:25 pde_valid_seed_391920.yaml
-rw-r--r-- 1 ac148019 Domänen-Benutzer       324 Oct  9 13:25 pde_valid_seed_415274.yaml
-rw-r--r-- 1 ac148019 Domänen-Benutzer       324 Oct  9 13:25 pde_valid_seed_431652.yaml
-rw-r--r-- 1 ac148019 Domänen-Benutzer       324 Oct  9 13:25 pde_valid_seed_452145.yaml
-rw-r--r-- 1 ac148019 Domänen-Benutzer       324 Oct  9 13:25 pde_valid_seed_471551.yaml
-rw-r--r-- 1 ac148019 Domänen-Benutzer       324 Oct  9 13:25 pde_valid_seed_540788.yaml
-rw-r--r-- 1 ac148019 Domänen-Benutzer       324 Oct  9 13:25 pde_valid_seed_600690.yaml
-rw-r--r-- 1 ac148019 Domänen-Benutzer       324 Oct  9 13:25 pde_valid_seed_61649.yaml
-rw-r--r-- 1 ac148019 Domänen-Benutzer       324 Oct  9 13:25 pde_valid_seed_645944.yaml
-rw-r--r-- 1 ac148019 Domänen-Benutzer       324 Oct  9 13:25 pde_valid_seed_795028.yaml
-rw-r--r-- 1 ac148019 Domänen-Benutzer       324 Oct  9 13:25 pde_valid_seed_806339.yaml
-rw-r--r-- 1 ac148019 Domänen-Benutzer       324 Oct  9 13:25 pde_valid_seed_891493.yaml
-rw-r--r-- 1 ac148019 Domänen-Benutzer       324 Oct  9 13:25 pde_valid_seed_950547.yaml
-rw-r--r-- 1 ac148019 Domänen-Benutzer        20 Oct  9 13:25 README.md
---
Staging data to local disk...
---
VERIFYING DESTINATION: Listing contents of '/tmp/dataset' on local disk:
/tmp/dataset:
total 79833296
-rw-r--r-- 1 ac148019 Domänen-Benutzer 704729352 Oct  9 14:23 NavierStokes2D_test_144507_0.41515.h5
-rw-r--r-- 1 ac148019 Domänen-Benutzer 704729352 Oct  9 14:23 NavierStokes2D_test_198210_0.28116.h5
-rw-r--r-- 1 ac148019 Domänen-Benutzer 704729352 Oct  9 14:24 NavierStokes2D_test_239034_0.41192.h5
-rw-r--r-- 1 ac148019 Domänen-Benutzer 704729352 Oct  9 14:24 NavierStokes2D_test_296623_0.36405.h5
-rw-r--r-- 1 ac148019 Domänen-Benutzer 704729352 Oct  9 14:24 NavierStokes2D_test_337593_0.21189.h5
-rw-r--r-- 1 ac148019 Domänen-Benutzer 704729352 Oct  9 14:24 NavierStokes2D_test_391655_0.39347.h5
-rw-r--r-- 1 ac148019 Domänen-Benutzer 704729352 Oct  9 14:24 NavierStokes2D_test_392220_0.21019.h5
-rw-r--r-- 1 ac148019 Domänen-Benutzer 704729352 Oct  9 14:24 NavierStokes2D_test_415574_0.34337.h5
-rw-r--r-- 1 ac148019 Domänen-Benutzer 704729352 Oct  9 14:24 NavierStokes2D_test_431952_0.28230.h5
-rw-r--r-- 1 ac148019 Domänen-Benutzer 704729352 Oct  9 14:24 NavierStokes2D_test_452445_0.28940.h5
-rw-r--r-- 1 ac148019 Domänen-Benutzer 704729352 Oct  9 14:24 NavierStokes2D_test_471851_0.25628.h5
-rw-r--r-- 1 ac148019 Domänen-Benutzer 704729352 Oct  9 14:24 NavierStokes2D_test_541088_0.27776.h5
-rw-r--r-- 1 ac148019 Domänen-Benutzer 704729352 Oct  9 14:24 NavierStokes2D_test_600990_0.24994.h5
-rw-r--r-- 1 ac148019 Domänen-Benutzer 704729352 Oct  9 14:24 NavierStokes2D_test_61949_0.39758.h5
-rw-r--r-- 1 ac148019 Domänen-Benutzer 704729352 Oct  9 14:24 NavierStokes2D_test_646244_0.29433.h5
-rw-r--r-- 1 ac148019 Domänen-Benutzer 704729352 Oct  9 14:25 NavierStokes2D_test_795328_0.26651.h5
-rw-r--r-- 1 ac148019 Domänen-Benutzer 704729352 Oct  9 14:25 NavierStokes2D_test_806639_0.23428.h5
-rw-r--r-- 1 ac148019 Domänen-Benutzer 704729352 Oct  9 14:25 NavierStokes2D_test_891793_0.28931.h5
-rw-r--r-- 1 ac148019 Domänen-Benutzer 704729352 Oct  9 14:25 NavierStokes2D_test_950847_0.37016.h5
-rw-r--r-- 1 ac148019 Domänen-Benutzer 704729352 Oct  9 14:25 NavierStokes2D_train_144307_0.23271_32.h5
-rw-r--r-- 1 ac148019 Domänen-Benutzer 704729352 Oct  9 14:25 NavierStokes2D_train_144307_0.28755_32.h5
-rw-r--r-- 1 ac148019 Domänen-Benutzer 704729352 Oct  9 14:25 NavierStokes2D_train_144307_0.30793_32.h5
-rw-r--r-- 1 ac148019 Domänen-Benutzer 704729352 Oct  9 14:25 NavierStokes2D_train_144307_0.48881_32.h5
-rw-r--r-- 1 ac148019 Domänen-Benutzer 704729352 Oct  9 14:25 NavierStokes2D_train_198010_0.20486_32.h5
-rw-r--r-- 1 ac148019 Domänen-Benutzer 704729352 Oct  9 14:25 NavierStokes2D_train_198010_0.22194_32.h5
-rw-r--r-- 1 ac148019 Domänen-Benutzer 704729352 Oct  9 14:25 NavierStokes2D_train_198010_0.39018_32.h5
-rw-r--r-- 1 ac148019 Domänen-Benutzer 704729352 Oct  9 14:25 NavierStokes2D_train_198010_0.46583_32.h5
-rw-r--r-- 1 ac148019 Domänen-Benutzer 704729352 Oct  9 14:25 NavierStokes2D_train_238834_0.20075_32.h5
-rw-r--r-- 1 ac148019 Domänen-Benutzer 704729352 Oct  9 14:25 NavierStokes2D_train_238834_0.31720_32.h5
-rw-r--r-- 1 ac148019 Domänen-Benutzer 704729352 Oct  9 14:26 NavierStokes2D_train_238834_0.46122_32.h5
-rw-r--r-- 1 ac148019 Domänen-Benutzer 704729352 Oct  9 14:26 NavierStokes2D_train_238834_0.47944_32.h5
-rw-r--r-- 1 ac148019 Domänen-Benutzer 704729352 Oct  9 14:26 NavierStokes2D_train_296423_0.22659_32.h5
-rw-r--r-- 1 ac148019 Domänen-Benutzer 704729352 Oct  9 14:26 NavierStokes2D_train_296423_0.32638_32.h5
-rw-r--r-- 1 ac148019 Domänen-Benutzer 704729352 Oct  9 14:26 NavierStokes2D_train_296423_0.40963_32.h5
-rw-r--r-- 1 ac148019 Domänen-Benutzer 704729352 Oct  9 14:26 NavierStokes2D_train_296423_0.42276_32.h5
-rw-r--r-- 1 ac148019 Domänen-Benutzer 704729352 Oct  9 14:26 NavierStokes2D_train_337393_0.23537_32.h5
-rw-r--r-- 1 ac148019 Domänen-Benutzer 704729352 Oct  9 14:26 NavierStokes2D_train_337393_0.24895_32.h5
-rw-r--r-- 1 ac148019 Domänen-Benutzer 704729352 Oct  9 14:26 NavierStokes2D_train_337393_0.38260_32.h5
-rw-r--r-- 1 ac148019 Domänen-Benutzer 704729352 Oct  9 14:26 NavierStokes2D_train_337393_0.46072_32.h5
-rw-r--r-- 1 ac148019 Domänen-Benutzer 704729352 Oct  9 14:26 NavierStokes2D_train_391455_0.29051_32.h5
-rw-r--r-- 1 ac148019 Domänen-Benutzer 704729352 Oct  9 14:26 NavierStokes2D_train_391455_0.32352_32.h5
-rw-r--r-- 1 ac148019 Domänen-Benutzer 704729352 Oct  9 14:27 NavierStokes2D_train_391455_0.34904_32.h5
-rw-r--r-- 1 ac148019 Domänen-Benutzer 704729352 Oct  9 14:27 NavierStokes2D_train_391455_0.46292_32.h5
-rw-r--r-- 1 ac148019 Domänen-Benutzer 704729352 Oct  9 14:27 NavierStokes2D_train_392020_0.21590_32.h5
-rw-r--r-- 1 ac148019 Domänen-Benutzer 704729352 Oct  9 14:27 NavierStokes2D_train_392020_0.22155_32.h5
-rw-r--r-- 1 ac148019 Domänen-Benutzer 704729352 Oct  9 14:27 NavierStokes2D_train_392020_0.42097_32.h5
-rw-r--r-- 1 ac148019 Domänen-Benutzer 704729352 Oct  9 14:27 NavierStokes2D_train_392020_0.47829_32.h5
-rw-r--r-- 1 ac148019 Domänen-Benutzer 704729352 Oct  9 14:27 NavierStokes2D_train_415374_0.21106_32.h5
-rw-r--r-- 1 ac148019 Domänen-Benutzer 704729352 Oct  9 14:27 NavierStokes2D_train_415374_0.21963_32.h5
-rw-r--r-- 1 ac148019 Domänen-Benutzer 704729352 Oct  9 14:27 NavierStokes2D_train_415374_0.25802_32.h5
-rw-r--r-- 1 ac148019 Domänen-Benutzer 704729352 Oct  9 14:27 NavierStokes2D_train_415374_0.45038_32.h5
-rw-r--r-- 1 ac148019 Domänen-Benutzer 704729352 Oct  9 14:27 NavierStokes2D_train_431752_0.37519_32.h5
-rw-r--r-- 1 ac148019 Domänen-Benutzer 704729352 Oct  9 14:27 NavierStokes2D_train_431752_0.44318_32.h5
-rw-r--r-- 1 ac148019 Domänen-Benutzer 704729352 Oct  9 14:27 NavierStokes2D_train_431752_0.45385_32.h5
-rw-r--r-- 1 ac148019 Domänen-Benutzer 704729352 Oct  9 14:27 NavierStokes2D_train_431752_0.47850_32.h5
-rw-r--r-- 1 ac148019 Domänen-Benutzer 704729352 Oct  9 14:28 NavierStokes2D_train_452245_0.21521_32.h5
-rw-r--r-- 1 ac148019 Domänen-Benutzer 704729352 Oct  9 14:28 NavierStokes2D_train_452245_0.25726_32.h5
-rw-r--r-- 1 ac148019 Domänen-Benutzer 704729352 Oct  9 14:28 NavierStokes2D_train_452245_0.46317_32.h5
-rw-r--r-- 1 ac148019 Domänen-Benutzer 704729352 Oct  9 14:28 NavierStokes2D_train_452245_0.49045_32.h5
-rw-r--r-- 1 ac148019 Domänen-Benutzer 704729352 Oct  9 14:28 NavierStokes2D_train_471651_0.27874_32.h5
-rw-r--r-- 1 ac148019 Domänen-Benutzer 704729352 Oct  9 14:28 NavierStokes2D_train_471651_0.31013_32.h5
-rw-r--r-- 1 ac148019 Domänen-Benutzer 704729352 Oct  9 14:28 NavierStokes2D_train_471651_0.47482_32.h5
-rw-r--r-- 1 ac148019 Domänen-Benutzer 704729352 Oct  9 14:28 NavierStokes2D_train_471651_0.48198_32.h5
-rw-r--r-- 1 ac148019 Domänen-Benutzer 704729352 Oct  9 14:28 NavierStokes2D_train_496019_0.36588_32.h5
-rw-r--r-- 1 ac148019 Domänen-Benutzer        96 Oct  9 14:28 NavierStokes2D_train_496019_0.38774_32.h5
-rw-r--r-- 1 ac148019 Domänen-Benutzer 704729352 Oct  9 14:28 NavierStokes2D_train_496019_0.48488_32.h5
-rw-r--r-- 1 ac148019 Domänen-Benutzer 704729352 Oct  9 14:28 NavierStokes2D_train_540888_0.28102_32.h5
-rw-r--r-- 1 ac148019 Domänen-Benutzer 704729352 Oct  9 14:28 NavierStokes2D_train_540888_0.34307_32.h5
-rw-r--r-- 1 ac148019 Domänen-Benutzer 704729352 Oct  9 14:28 NavierStokes2D_train_540888_0.37603_32.h5
-rw-r--r-- 1 ac148019 Domänen-Benutzer 704729352 Oct  9 14:29 NavierStokes2D_train_540888_0.46336_32.h5
-rw-r--r-- 1 ac148019 Domänen-Benutzer 704729352 Oct  9 14:29 NavierStokes2D_train_600790_0.26581_32.h5
-rw-r--r-- 1 ac148019 Domänen-Benutzer 704729352 Oct  9 14:29 NavierStokes2D_train_600790_0.27498_32.h5
-rw-r--r-- 1 ac148019 Domänen-Benutzer 704729352 Oct  9 14:29 NavierStokes2D_train_600790_0.40073_32.h5
-rw-r--r-- 1 ac148019 Domänen-Benutzer 704729352 Oct  9 14:29 NavierStokes2D_train_600790_0.48498_32.h5
-rw-r--r-- 1 ac148019 Domänen-Benutzer 704729352 Oct  9 14:29 NavierStokes2D_train_61749_0.20788_32.h5
-rw-r--r-- 1 ac148019 Domänen-Benutzer 704729352 Oct  9 14:29 NavierStokes2D_train_61749_0.35089_32.h5
-rw-r--r-- 1 ac148019 Domänen-Benutzer 704729352 Oct  9 14:29 NavierStokes2D_train_61749_0.46510_32.h5
-rw-r--r-- 1 ac148019 Domänen-Benutzer 704729352 Oct  9 14:29 NavierStokes2D_train_61749_0.48726_32.h5
-rw-r--r-- 1 ac148019 Domänen-Benutzer 704729352 Oct  9 14:29 NavierStokes2D_train_646044_0.28534_32.h5
-rw-r--r-- 1 ac148019 Domänen-Benutzer 704729352 Oct  9 14:29 NavierStokes2D_train_646044_0.38791_32.h5
-rw-r--r-- 1 ac148019 Domänen-Benutzer 704729352 Oct  9 14:29 NavierStokes2D_train_646044_0.44311_32.h5
-rw-r--r-- 1 ac148019 Domänen-Benutzer 704729352 Oct  9 14:30 NavierStokes2D_train_646044_0.47793_32.h5
-rw-r--r-- 1 ac148019 Domänen-Benutzer 704729352 Oct  9 14:30 NavierStokes2D_train_795128_0.24188_32.h5
-rw-r--r-- 1 ac148019 Domänen-Benutzer 704729352 Oct  9 14:30 NavierStokes2D_train_795128_0.28220_32.h5
-rw-r--r-- 1 ac148019 Domänen-Benutzer 704729352 Oct  9 14:30 NavierStokes2D_train_795128_0.34621_32.h5
-rw-r--r-- 1 ac148019 Domänen-Benutzer 704729352 Oct  9 14:30 NavierStokes2D_train_795128_0.47272_32.h5
-rw-r--r-- 1 ac148019 Domänen-Benutzer 704729352 Oct  9 14:30 NavierStokes2D_train_806439_0.22219_32.h5
-rw-r--r-- 1 ac148019 Domänen-Benutzer 704729352 Oct  9 14:30 NavierStokes2D_train_806439_0.26172_32.h5
-rw-r--r-- 1 ac148019 Domänen-Benutzer 704729352 Oct  9 14:30 NavierStokes2D_train_806439_0.27603_32.h5
-rw-r--r-- 1 ac148019 Domänen-Benutzer 704729352 Oct  9 14:30 NavierStokes2D_train_806439_0.38271_32.h5
-rw-r--r-- 1 ac148019 Domänen-Benutzer 704729352 Oct  9 14:30 NavierStokes2D_train_891593_0.25952_32.h5
-rw-r--r-- 1 ac148019 Domänen-Benutzer 704729352 Oct  9 14:30 NavierStokes2D_train_891593_0.27800_32.h5
-rw-r--r-- 1 ac148019 Domänen-Benutzer 704729352 Oct  9 14:30 NavierStokes2D_train_891593_0.33577_32.h5
-rw-r--r-- 1 ac148019 Domänen-Benutzer 704729352 Oct  9 14:30 NavierStokes2D_train_891593_0.48383_32.h5
-rw-r--r-- 1 ac148019 Domänen-Benutzer 704729352 Oct  9 14:31 NavierStokes2D_train_950647_0.24417_32.h5
-rw-r--r-- 1 ac148019 Domänen-Benutzer 704729352 Oct  9 14:31 NavierStokes2D_train_950647_0.27974_32.h5
-rw-r--r-- 1 ac148019 Domänen-Benutzer 704729352 Oct  9 14:31 NavierStokes2D_train_950647_0.30341_32.h5
-rw-r--r-- 1 ac148019 Domänen-Benutzer 704729352 Oct  9 14:31 NavierStokes2D_train_950647_0.46762_32.h5
-rw-r--r-- 1 ac148019 Domänen-Benutzer 704729352 Oct  9 14:31 NavierStokes2D_valid_144407_0.39216.h5
-rw-r--r-- 1 ac148019 Domänen-Benutzer 704729352 Oct  9 14:31 NavierStokes2D_valid_198110_0.47113.h5
-rw-r--r-- 1 ac148019 Domänen-Benutzer 704729352 Oct  9 14:31 NavierStokes2D_valid_238934_0.31053.h5
-rw-r--r-- 1 ac148019 Domänen-Benutzer 704729352 Oct  9 14:31 NavierStokes2D_valid_296523_0.33062.h5
-rw-r--r-- 1 ac148019 Domänen-Benutzer 704729352 Oct  9 14:31 NavierStokes2D_valid_337493_0.40179.h5
-rw-r--r-- 1 ac148019 Domänen-Benutzer 704729352 Oct  9 14:31 NavierStokes2D_valid_391555_0.29853.h5
-rw-r--r-- 1 ac148019 Domänen-Benutzer 704729352 Oct  9 14:31 NavierStokes2D_valid_392120_0.33597.h5
-rw-r--r-- 1 ac148019 Domänen-Benutzer 704729352 Oct  9 14:31 NavierStokes2D_valid_415474_0.45307.h5
-rw-r--r-- 1 ac148019 Domänen-Benutzer 704729352 Oct  9 14:32 NavierStokes2D_valid_431852_0.31279.h5
-rw-r--r-- 1 ac148019 Domänen-Benutzer 704729352 Oct  9 14:32 NavierStokes2D_valid_452345_0.47992.h5
-rw-r--r-- 1 ac148019 Domänen-Benutzer 704729352 Oct  9 14:32 NavierStokes2D_valid_471751_0.30216.h5
-rw-r--r-- 1 ac148019 Domänen-Benutzer 704729352 Oct  9 14:32 NavierStokes2D_valid_540988_0.28293.h5
-rw-r--r-- 1 ac148019 Domänen-Benutzer 704729352 Oct  9 14:32 NavierStokes2D_valid_600890_0.42374.h5
-rw-r--r-- 1 ac148019 Domänen-Benutzer 704729352 Oct  9 14:32 NavierStokes2D_valid_61849_0.32323.h5
-rw-r--r-- 1 ac148019 Domänen-Benutzer 704729352 Oct  9 14:32 NavierStokes2D_valid_646144_0.48085.h5
-rw-r--r-- 1 ac148019 Domänen-Benutzer 704729352 Oct  9 14:32 NavierStokes2D_valid_795228_0.31593.h5
-rw-r--r-- 1 ac148019 Domänen-Benutzer 704729352 Oct  9 14:32 NavierStokes2D_valid_806539_0.33890.h5
-rw-r--r-- 1 ac148019 Domänen-Benutzer 704729352 Oct  9 14:32 NavierStokes2D_valid_891693_0.23412.h5
-rw-r--r-- 1 ac148019 Domänen-Benutzer 704729352 Oct  9 14:32 NavierStokes2D_valid_950747_0.24621.h5
-rw-r--r-- 1 ac148019 Domänen-Benutzer       324 Oct  9 14:32 pde_test_seed_144207.yaml
-rw-r--r-- 1 ac148019 Domänen-Benutzer       324 Oct  9 14:32 pde_test_seed_197910.yaml
-rw-r--r-- 1 ac148019 Domänen-Benutzer       324 Oct  9 14:32 pde_test_seed_238734.yaml
-rw-r--r-- 1 ac148019 Domänen-Benutzer       324 Oct  9 14:32 pde_test_seed_296323.yaml
-rw-r--r-- 1 ac148019 Domänen-Benutzer       324 Oct  9 14:32 pde_test_seed_337293.yaml
-rw-r--r-- 1 ac148019 Domänen-Benutzer       324 Oct  9 14:32 pde_test_seed_391355.yaml
-rw-r--r-- 1 ac148019 Domänen-Benutzer       324 Oct  9 14:32 pde_test_seed_391920.yaml
-rw-r--r-- 1 ac148019 Domänen-Benutzer       324 Oct  9 14:32 pde_test_seed_415274.yaml
-rw-r--r-- 1 ac148019 Domänen-Benutzer       324 Oct  9 14:32 pde_test_seed_431652.yaml
-rw-r--r-- 1 ac148019 Domänen-Benutzer       324 Oct  9 14:32 pde_test_seed_452145.yaml
-rw-r--r-- 1 ac148019 Domänen-Benutzer       324 Oct  9 14:32 pde_test_seed_471551.yaml
-rw-r--r-- 1 ac148019 Domänen-Benutzer       324 Oct  9 14:32 pde_test_seed_540788.yaml
-rw-r--r-- 1 ac148019 Domänen-Benutzer       324 Oct  9 14:32 pde_test_seed_600690.yaml
-rw-r--r-- 1 ac148019 Domänen-Benutzer       324 Oct  9 14:32 pde_test_seed_61649.yaml
-rw-r--r-- 1 ac148019 Domänen-Benutzer       324 Oct  9 14:32 pde_test_seed_645944.yaml
-rw-r--r-- 1 ac148019 Domänen-Benutzer       324 Oct  9 14:32 pde_test_seed_795028.yaml
-rw-r--r-- 1 ac148019 Domänen-Benutzer       324 Oct  9 14:32 pde_test_seed_806339.yaml
-rw-r--r-- 1 ac148019 Domänen-Benutzer       324 Oct  9 14:32 pde_test_seed_891493.yaml
-rw-r--r-- 1 ac148019 Domänen-Benutzer       324 Oct  9 14:32 pde_test_seed_950547.yaml
-rw-r--r-- 1 ac148019 Domänen-Benutzer       324 Oct  9 14:32 pde_train_seed_144207.yaml
-rw-r--r-- 1 ac148019 Domänen-Benutzer       324 Oct  9 14:32 pde_train_seed_197910.yaml
-rw-r--r-- 1 ac148019 Domänen-Benutzer       324 Oct  9 14:32 pde_train_seed_238734.yaml
-rw-r--r-- 1 ac148019 Domänen-Benutzer       324 Oct  9 14:32 pde_train_seed_296323.yaml
-rw-r--r-- 1 ac148019 Domänen-Benutzer       324 Oct  9 14:32 pde_train_seed_337293.yaml
-rw-r--r-- 1 ac148019 Domänen-Benutzer       324 Oct  9 14:32 pde_train_seed_391355.yaml
-rw-r--r-- 1 ac148019 Domänen-Benutzer       324 Oct  9 14:32 pde_train_seed_391920.yaml
-rw-r--r-- 1 ac148019 Domänen-Benutzer       324 Oct  9 14:32 pde_train_seed_415274.yaml
-rw-r--r-- 1 ac148019 Domänen-Benutzer       324 Oct  9 14:32 pde_train_seed_431652.yaml
-rw-r--r-- 1 ac148019 Domänen-Benutzer       324 Oct  9 14:32 pde_train_seed_452145.yaml
-rw-r--r-- 1 ac148019 Domänen-Benutzer       324 Oct  9 14:32 pde_train_seed_471551.yaml
-rw-r--r-- 1 ac148019 Domänen-Benutzer       324 Oct  9 14:32 pde_train_seed_495919.yaml
-rw-r--r-- 1 ac148019 Domänen-Benutzer       324 Oct  9 14:32 pde_train_seed_540788.yaml
-rw-r--r-- 1 ac148019 Domänen-Benutzer       324 Oct  9 14:32 pde_train_seed_600690.yaml
-rw-r--r-- 1 ac148019 Domänen-Benutzer       324 Oct  9 14:32 pde_train_seed_61649.yaml
-rw-r--r-- 1 ac148019 Domänen-Benutzer       324 Oct  9 14:32 pde_train_seed_645944.yaml
-rw-r--r-- 1 ac148019 Domänen-Benutzer       324 Oct  9 14:32 pde_train_seed_795028.yaml
-rw-r--r-- 1 ac148019 Domänen-Benutzer       324 Oct  9 14:32 pde_train_seed_806339.yaml
-rw-r--r-- 1 ac148019 Domänen-Benutzer       324 Oct  9 14:32 pde_train_seed_891493.yaml
-rw-r--r-- 1 ac148019 Domänen-Benutzer       324 Oct  9 14:32 pde_train_seed_950547.yaml
-rw-r--r-- 1 ac148019 Domänen-Benutzer       324 Oct  9 14:32 pde_valid_seed_144207.yaml
-rw-r--r-- 1 ac148019 Domänen-Benutzer       324 Oct  9 14:32 pde_valid_seed_197910.yaml
-rw-r--r-- 1 ac148019 Domänen-Benutzer       324 Oct  9 14:32 pde_valid_seed_238734.yaml
-rw-r--r-- 1 ac148019 Domänen-Benutzer       324 Oct  9 14:32 pde_valid_seed_296323.yaml
-rw-r--r-- 1 ac148019 Domänen-Benutzer       324 Oct  9 14:32 pde_valid_seed_337293.yaml
-rw-r--r-- 1 ac148019 Domänen-Benutzer       324 Oct  9 14:32 pde_valid_seed_391355.yaml
-rw-r--r-- 1 ac148019 Domänen-Benutzer       324 Oct  9 14:32 pde_valid_seed_391920.yaml
-rw-r--r-- 1 ac148019 Domänen-Benutzer       324 Oct  9 14:32 pde_valid_seed_415274.yaml
-rw-r--r-- 1 ac148019 Domänen-Benutzer       324 Oct  9 14:32 pde_valid_seed_431652.yaml
-rw-r--r-- 1 ac148019 Domänen-Benutzer       324 Oct  9 14:32 pde_valid_seed_452145.yaml
-rw-r--r-- 1 ac148019 Domänen-Benutzer       324 Oct  9 14:32 pde_valid_seed_471551.yaml
-rw-r--r-- 1 ac148019 Domänen-Benutzer       324 Oct  9 14:32 pde_valid_seed_540788.yaml
-rw-r--r-- 1 ac148019 Domänen-Benutzer       324 Oct  9 14:32 pde_valid_seed_600690.yaml
-rw-r--r-- 1 ac148019 Domänen-Benutzer       324 Oct  9 14:32 pde_valid_seed_61649.yaml
-rw-r--r-- 1 ac148019 Domänen-Benutzer       324 Oct  9 14:32 pde_valid_seed_645944.yaml
-rw-r--r-- 1 ac148019 Domänen-Benutzer       324 Oct  9 14:32 pde_valid_seed_795028.yaml
-rw-r--r-- 1 ac148019 Domänen-Benutzer       324 Oct  9 14:32 pde_valid_seed_806339.yaml
-rw-r--r-- 1 ac148019 Domänen-Benutzer       324 Oct  9 14:32 pde_valid_seed_891493.yaml
-rw-r--r-- 1 ac148019 Domänen-Benutzer       324 Oct  9 14:32 pde_valid_seed_950547.yaml
-rw-r--r-- 1 ac148019 Domänen-Benutzer        20 Oct  9 14:32 README.md
---
Data staging complete. Local copy should be verified above.
=========================================================
Starting Python training script...
Submitted job_id: 11166
Logs and checkpoints will be saved at: log/baseline_ns
✅ Training finished.
