==================================================
Job name: comb_loss_essl_plotting
Job ID:   17577
Node:     aisa-gpuB01.ki.uni-stuttgart.de
GPUs:     1
==================================================
Using Python:
/mnt/nfs/home/st195720/SSLPDEs/SSLForPDEs/.conda/bin/python
Torch: 2.8.0+cu128
CUDA available: True
---
Staging dataset
From: /mnt/nfs/home/st195720/SSLPDEs/SSLForPDEs/datasets
To:   /tmp/datasets
---
Data staging complete.
---
Starting Navier–Stokes future-state prediction
---
Started at Wed Jan 28 11:10:17 PM CET 2026
---
Starting Combined losses Train Plots
---
Started at Wed Jan 28 11:10:17 PM CET 2026
