==================================================
Job name: comb_loss_essl_plotting
Job ID:   17580
Node:     aisa-gpuB01.ki.uni-stuttgart.de
GPUs:     1
==================================================
Using Python:
/mnt/nfs/home/st195720/SSLPDEs/SSLForPDEs/.conda/bin/python
Torch: 2.8.0+cu128
CUDA available: True
---
Staging dataset
From: /mnt/nfs/home/st195720/SSLPDEs/SSLForPDEs/datasets
To:   /tmp/datasets
---
Data staging complete.
---
Starting Navier–Stokes future-state prediction
---
Started at Wed Jan 28 11:47:51 PM CET 2026
---
Starting Combined losses Train Plots
---
Started at Wed Jan 28 11:47:51 PM CET 2026
[Epoch 0] Train MSE: 0.048507
[Epoch 1] Train MSE: 0.041572
[Epoch 2] Train MSE: 0.040681
[Epoch 3] Train MSE: 0.038756
[Epoch 4] Train MSE: 0.038109
[Epoch 5] Train MSE: 0.037812
[Epoch 6] Train MSE: 0.037034
[Epoch 7] Train MSE: 0.036573
[Epoch 8] Train MSE: 0.035172
[Epoch 9] Train MSE: 0.035678
===================================
Test MSE (rollout): 1159.057372
Plots saved to: care_nextstep_results/plots
===================================
Finished at Wed Jan 28 11:51:59 PM CET 2026
