==================================================
Job name: comb_loss_essl_plotting
Job ID:   17635
Node:     aisa-gpuB01.ki.uni-stuttgart.de
GPUs:     1
==================================================
Using Python:
/mnt/nfs/home/st195720/SSLPDEs/SSLForPDEs/.conda/bin/python
Torch: 2.8.0+cu128
CUDA available: True
---
Staging dataset
From: /mnt/nfs/home/st195720/SSLPDEs/SSLForPDEs/datasets
To:   /tmp/datasets
---
Data staging complete.
---
Starting Navier–Stokes future-state prediction
---
Started at Thu Jan 29 05:48:21 PM CET 2026
---
Starting Combined losses Train Plots
---
Started at Thu Jan 29 05:48:21 PM CET 2026
[Epoch 0] Train MSE: 0.050348
[Epoch 1] Train MSE: 0.041889
[Epoch 2] Train MSE: 0.040254
[Epoch 3] Train MSE: 0.039158
[Epoch 4] Train MSE: 0.038913
[Epoch 5] Train MSE: 0.037374
[Epoch 6] Train MSE: 0.037367
[Epoch 7] Train MSE: 0.036790
[Epoch 8] Train MSE: 0.036840
[Epoch 9] Train MSE: 0.035427
===================================
Test MSE (rollout): 1225.418087
Plots saved to: care_nextstep_results/plots
===================================
Finished at Thu Jan 29 05:51:30 PM CET 2026
