==================================================
Job name: essl_velo
Job ID:   17320
Node:     aisa-gpuB02.ki.uni-stuttgart.de
GPUs:     1
==================================================
Using Python:
/mnt/nfs/home/st195720/SSLPDEs/SSLForPDEs/.conda/bin/python
Torch: 2.8.0+cu128
CUDA available: True
---
Staging dataset
From: /mnt/nfs/home/st195720/SSLPDEs/SSLForPDEs/datasets
To:   /tmp/datasets
---
Data staging complete.
---
Starting
---
Started at Mon Jan 26 04:48:01 PM CET 2026
---
Starting E-SSL Vorticity
---
Started at Mon Jan 26 04:48:01 PM CET 2026
=== TRAINING SCRIPT STARTED ===
Finished at Mon Jan 26 04:48:17 PM CET 2026
