==================================================
Job name: hybrid_essl_ns
Job ID:   17496
Node:     aisa-gpuB02.ki.uni-stuttgart.de
GPUs:     1
==================================================
Using Python:
/mnt/nfs/home/st195720/SSLPDEs/SSLForPDEs/.conda/bin/python
Torch: 2.8.0+cu128
CUDA available: True
---
Staging dataset
From: /mnt/nfs/home/st195720/SSLPDEs/SSLForPDEs/datasets
To:   /tmp/datasets
---
Data staging complete.
---
Starting Navier–Stokes future-state prediction
---
Started at Wed Jan 28 12:34:39 AM CET 2026
---
Starting Hybrid E-SSL + regression training
---
Started at Wed Jan 28 12:34:39 AM CET 2026
[Epoch 0] Loss = 59.8300
[Epoch 1] Loss = 46.8049
[Epoch 2] Loss = 46.7051
[Epoch 3] Loss = 46.6506
[Epoch 4] Loss = 46.6342
[Epoch 5] Loss = 46.6061
[Epoch 6] Loss = 46.5939
[Epoch 7] Loss = 46.5826
[Epoch 8] Loss = 46.5723
[Epoch 9] Loss = 46.5706
[Epoch 10] Loss = 46.5619
[Epoch 11] Loss = 46.5552
[Epoch 12] Loss = 46.5520
[Epoch 13] Loss = 46.5417
[Epoch 14] Loss = 46.5452
[Epoch 15] Loss = 46.5348
[Epoch 16] Loss = 46.5420
[Epoch 17] Loss = 46.5321
[Epoch 18] Loss = 46.5267
[Epoch 19] Loss = 46.5292
[Epoch 20] Loss = 46.5207
[Epoch 21] Loss = 46.5149
[Epoch 22] Loss = 46.5117
[Epoch 23] Loss = 46.5204
[Epoch 24] Loss = 46.5150
[Epoch 25] Loss = 46.5110
[Epoch 26] Loss = 46.5070
[Epoch 27] Loss = 46.5047
[Epoch 28] Loss = 46.5059
[Epoch 29] Loss = 46.4933
[Epoch 30] Loss = 46.4984
[Epoch 31] Loss = 46.4931
[Epoch 32] Loss = 46.4855
[Epoch 33] Loss = 46.4847
[Epoch 34] Loss = 46.4803
[Epoch 35] Loss = 46.4745
[Epoch 36] Loss = 46.4690
[Epoch 37] Loss = 46.4718
[Epoch 38] Loss = 46.4584
[Epoch 39] Loss = 46.4560
[Epoch 40] Loss = 46.4528
[Epoch 41] Loss = 46.4531
[Epoch 42] Loss = 46.4465
[Epoch 43] Loss = 46.4437
[Epoch 44] Loss = 46.4311
[Epoch 45] Loss = 46.4340
[Epoch 46] Loss = 46.4312
[Epoch 47] Loss = 46.4132
[Epoch 48] Loss = 46.4144
[Epoch 49] Loss = 46.4005
[Epoch 50] Loss = 46.3992
[Epoch 51] Loss = 46.3925
[Epoch 52] Loss = 46.3833
[Epoch 53] Loss = 46.4015
[Epoch 54] Loss = 46.3809
[Epoch 55] Loss = 46.3681
[Epoch 56] Loss = 46.3531
[Epoch 57] Loss = 46.3460
[Epoch 58] Loss = 46.3364
[Epoch 59] Loss = 46.3341
[Epoch 60] Loss = 46.3228
[Epoch 61] Loss = 46.3073
[Epoch 62] Loss = 46.3009
[Epoch 63] Loss = 46.2963
[Epoch 64] Loss = 46.2898
[Epoch 65] Loss = 46.2881
[Epoch 66] Loss = 46.2724
[Epoch 67] Loss = 46.2749
[Epoch 68] Loss = 46.2744
[Epoch 69] Loss = 46.2705
[Epoch 70] Loss = 46.2502
[Epoch 71] Loss = 46.2652
[Epoch 72] Loss = 46.2617
[Epoch 73] Loss = 46.2399
[Epoch 74] Loss = 46.2392
[Epoch 75] Loss = 46.2397
[Epoch 76] Loss = 46.2298
[Epoch 77] Loss = 46.2203
[Epoch 78] Loss = 46.2211
[Epoch 79] Loss = 46.2110
[Epoch 80] Loss = 46.2596
[Epoch 81] Loss = 46.2394
[Epoch 82] Loss = 46.2486
[Epoch 83] Loss = 46.2532
[Epoch 84] Loss = 46.2269
[Epoch 85] Loss = 46.2096
[Epoch 86] Loss = 46.2057
[Epoch 87] Loss = 46.1978
[Epoch 88] Loss = 46.1953
[Epoch 89] Loss = 46.2017
[Epoch 90] Loss = 46.1992
[Epoch 91] Loss = 46.1822
[Epoch 92] Loss = 46.1868
[Epoch 93] Loss = 46.1819
[Epoch 94] Loss = 46.1667
[Epoch 95] Loss = 46.1689
[Epoch 96] Loss = 46.1672
[Epoch 97] Loss = 46.1704
[Epoch 98] Loss = 46.1691
[Epoch 99] Loss = 46.1810
Saved hybrid SSL encoder
Finished at Wed Jan 28 12:21:42 PM CET 2026
