==================================================
Job name: hybrid_essl_ns
Job ID:   17785
Node:     aisa-gpuB01.ki.uni-stuttgart.de
GPUs:     1
==================================================
Using Python:
/mnt/nfs/home/st195720/SSLPDEs/SSLForPDEs/.conda/bin/python
Torch: 2.8.0+cu128
CUDA available: True
---
Staging dataset
From: /mnt/nfs/home/st195720/SSLPDEs/SSLForPDEs/datasets
To:   /tmp/datasets
---
Data staging complete.
---
Starting Hybrid E-SSL
---
Started at Sun Feb  1 07:00:03 PM CET 2026
[Epoch 0] Loss = 56.8431
[Epoch 1] Loss = 46.9371
[Epoch 2] Loss = 46.8434
[Epoch 3] Loss = 46.7956
[Epoch 4] Loss = 46.7016
[Epoch 5] Loss = 46.6335
[Epoch 6] Loss = 46.5598
[Epoch 7] Loss = 46.5192
[Epoch 8] Loss = 46.5021
[Epoch 9] Loss = 46.4916
[Epoch 10] Loss = 46.4875
[Epoch 11] Loss = 46.4784
[Epoch 12] Loss = 46.4645
[Epoch 13] Loss = 46.4526
[Epoch 14] Loss = 46.4491
[Epoch 15] Loss = 46.4479
[Epoch 16] Loss = 46.4436
[Epoch 17] Loss = 46.4380
[Epoch 18] Loss = 46.4285
[Epoch 19] Loss = 46.4315
[Epoch 20] Loss = 46.4217
[Epoch 21] Loss = 46.4088
[Epoch 22] Loss = 46.4130
[Epoch 23] Loss = 46.4112
[Epoch 24] Loss = 46.4057
[Epoch 25] Loss = 46.4008
[Epoch 26] Loss = 46.4083
[Epoch 27] Loss = 46.3948
[Epoch 28] Loss = 46.3928
[Epoch 29] Loss = 46.3825
[Epoch 30] Loss = 46.3832
[Epoch 31] Loss = 46.3818
[Epoch 32] Loss = 46.3740
[Epoch 33] Loss = 46.3617
[Epoch 34] Loss = 46.3632
[Epoch 35] Loss = 46.3621
[Epoch 36] Loss = 46.3443
[Epoch 37] Loss = 46.3548
[Epoch 38] Loss = 46.3416
[Epoch 39] Loss = 46.3436
[Epoch 40] Loss = 46.3296
[Epoch 41] Loss = 46.3253
[Epoch 42] Loss = 46.3221
[Epoch 43] Loss = 46.3030
[Epoch 44] Loss = 46.3074
[Epoch 45] Loss = 46.2947
[Epoch 46] Loss = 46.2824
[Epoch 47] Loss = 46.2810
[Epoch 48] Loss = 46.2631
[Epoch 49] Loss = 46.2732
[Epoch 50] Loss = 46.2601
[Epoch 51] Loss = 46.2460
[Epoch 52] Loss = 46.2555
[Epoch 53] Loss = 46.2446
[Epoch 54] Loss = 46.2293
[Epoch 55] Loss = 46.2339
[Epoch 56] Loss = 46.2488
[Epoch 57] Loss = 46.2398
[Epoch 58] Loss = 46.2216
[Epoch 59] Loss = 46.2127
Finished at Mon Feb  2 02:23:40 AM CET 2026
