==================================================
Job name: hybrid_ns_future_pred
Job ID:   17801
Node:     aisa-gpuB01.ki.uni-stuttgart.de
GPUs:     1
==================================================
Using Python:
/mnt/nfs/home/st195720/SSLPDEs/SSLForPDEs/.conda/bin/python
Torch: 2.8.0+cu128
CUDA available: True
---
Staging dataset
From: /mnt/nfs/home/st195720/SSLPDEs/SSLForPDEs/datasets
To:   /tmp/datasets
---
Data staging complete.
---
Starting Evaluation Hybrid
---
Started at Mon Feb  2 12:20:48 PM CET 2026

=== Training one-step predictor ===
[TS] Epoch 0 | Train MSE = 0.056472
[TS] Epoch 1 | Train MSE = 0.047884
[TS] Epoch 2 | Train MSE = 0.042535
[TS] Epoch 3 | Train MSE = 0.039809
[TS] Epoch 4 | Train MSE = 0.039955
[TS] Epoch 5 | Train MSE = 0.039027
[TS] Epoch 6 | Train MSE = 0.038283
[TS] Epoch 7 | Train MSE = 0.038262
[TS] Epoch 8 | Train MSE = 0.037688
[TS] Epoch 9 | Train MSE = 0.037070
[TS] Epoch 10 | Train MSE = 0.038251
[TS] Epoch 11 | Train MSE = 0.036007
[TS] Epoch 12 | Train MSE = 0.035680
[TS] Epoch 13 | Train MSE = 0.036877
[TS] Epoch 14 | Train MSE = 0.036387
[TS] Epoch 15 | Train MSE = 0.036644
[TS] Epoch 16 | Train MSE = 0.035541
[TS] Epoch 17 | Train MSE = 0.035722
[TS] Epoch 18 | Train MSE = 0.035035
[TS] Epoch 19 | Train MSE = 0.035627

=== Evaluating one-step predictor (TEST) ===
