Epoch 0:   0%|          | 0/156 [00:00<?, ?it/s]Epoch 0:   0%|          | 0/156 [00:00<?, ?it/s]
Traceback (most recent call last):
  File "/mnt/nfs/home/st195720/SSLPDEs/SSLForPDEs/hybrid_essl.py", line 200, in <module>
    train()
  File "/mnt/nfs/home/st195720/SSLPDEs/SSLForPDEs/hybrid_essl.py", line 173, in train
    for xinv1, xinv2, xeq1, xeq2 in tqdm(loader, desc=f"Epoch {epoch}"):
  File "/mnt/nfs/home/st195720/SSLPDEs/SSLForPDEs/.conda/lib/python3.9/site-packages/tqdm/std.py", line 1181, in __iter__
    for obj in iterable:
  File "/mnt/nfs/home/st195720/SSLPDEs/SSLForPDEs/.conda/lib/python3.9/site-packages/torch/utils/data/dataloader.py", line 734, in __next__
    data = self._next_data()
  File "/mnt/nfs/home/st195720/SSLPDEs/SSLForPDEs/.conda/lib/python3.9/site-packages/torch/utils/data/dataloader.py", line 1516, in _next_data
    return self._process_data(data, worker_id)
  File "/mnt/nfs/home/st195720/SSLPDEs/SSLForPDEs/.conda/lib/python3.9/site-packages/torch/utils/data/dataloader.py", line 1551, in _process_data
    data.reraise()
  File "/mnt/nfs/home/st195720/SSLPDEs/SSLForPDEs/.conda/lib/python3.9/site-packages/torch/_utils.py", line 769, in reraise
    raise exception
RuntimeError: Caught RuntimeError in DataLoader worker process 0.
Original Traceback (most recent call last):
  File "/mnt/nfs/home/st195720/SSLPDEs/SSLForPDEs/.conda/lib/python3.9/site-packages/torch/utils/data/_utils/worker.py", line 349, in _worker_loop
    data = fetcher.fetch(index)  # type: ignore[possibly-undefined]
  File "/mnt/nfs/home/st195720/SSLPDEs/SSLForPDEs/.conda/lib/python3.9/site-packages/torch/utils/data/_utils/fetch.py", line 52, in fetch
    data = [self.dataset[idx] for idx in possibly_batched_index]
  File "/mnt/nfs/home/st195720/SSLPDEs/SSLForPDEs/.conda/lib/python3.9/site-packages/torch/utils/data/_utils/fetch.py", line 52, in <listcomp>
    data = [self.dataset[idx] for idx in possibly_batched_index]
  File "/mnt/nfs/home/st195720/SSLPDEs/SSLForPDEs/hybrid_essl.py", line 140, in __getitem__
    sample = torch.as_tensor(raw).float().reshape(5, CROP_T, CROP_X, CROP_Y)
RuntimeError: shape '[5, 16, 128, 128]' is invalid for input of size 1

