==================================================
Job name: hybrid_ns_future_pred
Job ID:   17802
Node:     aisa-gpuB01.ki.uni-stuttgart.de
GPUs:     1
==================================================
Using Python:
/mnt/nfs/home/st195720/SSLPDEs/SSLForPDEs/.conda/bin/python
Torch: 2.8.0+cu128
CUDA available: True
---
Staging dataset
From: /mnt/nfs/home/st195720/SSLPDEs/SSLForPDEs/datasets
To:   /tmp/datasets
---
Data staging complete.
---
Starting Evaluation Hybrid
---
Started at Mon Feb  2 01:20:22 PM CET 2026

=== Training one-step predictor ===
[TS] Epoch 0 | Train MSE = 0.056192
[TS] Epoch 1 | Train MSE = 0.046162
[TS] Epoch 2 | Train MSE = 0.041144
[TS] Epoch 3 | Train MSE = 0.040596
[TS] Epoch 4 | Train MSE = 0.039289
[TS] Epoch 5 | Train MSE = 0.038423
[TS] Epoch 6 | Train MSE = 0.038023
[TS] Epoch 7 | Train MSE = 0.038713
[TS] Epoch 8 | Train MSE = 0.037716
[TS] Epoch 9 | Train MSE = 0.036853
[TS] Epoch 10 | Train MSE = 0.036642
[TS] Epoch 11 | Train MSE = 0.037459
[TS] Epoch 12 | Train MSE = 0.036567
[TS] Epoch 13 | Train MSE = 0.035653
[TS] Epoch 14 | Train MSE = 0.036432
[TS] Epoch 15 | Train MSE = 0.034893
[TS] Epoch 16 | Train MSE = 0.035584
[TS] Epoch 17 | Train MSE = 0.035230
[TS] Epoch 18 | Train MSE = 0.035481
[TS] Epoch 19 | Train MSE = 0.036336

=== Evaluating one-step predictor (TEST) ===
