[Train] Epoch 0:   0%|          | 0/156 [00:00<?, ?it/s][Train] Epoch 0:   0%|          | 0/156 [00:00<?, ?it/s]
Traceback (most recent call last):
  File "/mnt/nfs/home/st195720/SSLPDEs/SSLForPDEs/hybrid_essl.py", line 277, in <module>
    train()
  File "/mnt/nfs/home/st195720/SSLPDEs/SSLForPDEs/hybrid_essl.py", line 192, in train
    for xinv1, xinv2, xeq1, xeq2 in tqdm(
  File "/mnt/nfs/home/st195720/SSLPDEs/SSLForPDEs/.conda/lib/python3.9/site-packages/tqdm/std.py", line 1181, in __iter__
    for obj in iterable:
  File "/mnt/nfs/home/st195720/SSLPDEs/SSLForPDEs/.conda/lib/python3.9/site-packages/torch/utils/data/dataloader.py", line 734, in __next__
    data = self._next_data()
  File "/mnt/nfs/home/st195720/SSLPDEs/SSLForPDEs/.conda/lib/python3.9/site-packages/torch/utils/data/dataloader.py", line 1516, in _next_data
    return self._process_data(data, worker_id)
  File "/mnt/nfs/home/st195720/SSLPDEs/SSLForPDEs/.conda/lib/python3.9/site-packages/torch/utils/data/dataloader.py", line 1551, in _process_data
    data.reraise()
  File "/mnt/nfs/home/st195720/SSLPDEs/SSLForPDEs/.conda/lib/python3.9/site-packages/torch/_utils.py", line 769, in reraise
    raise exception
TypeError: Caught TypeError in DataLoader worker process 0.
Original Traceback (most recent call last):
  File "/mnt/nfs/home/st195720/SSLPDEs/SSLForPDEs/.conda/lib/python3.9/site-packages/torch/utils/data/_utils/worker.py", line 349, in _worker_loop
    data = fetcher.fetch(index)  # type: ignore[possibly-undefined]
  File "/mnt/nfs/home/st195720/SSLPDEs/SSLForPDEs/.conda/lib/python3.9/site-packages/torch/utils/data/_utils/fetch.py", line 52, in fetch
    data = [self.dataset[idx] for idx in possibly_batched_index]
  File "/mnt/nfs/home/st195720/SSLPDEs/SSLForPDEs/.conda/lib/python3.9/site-packages/torch/utils/data/_utils/fetch.py", line 52, in <listcomp>
    data = [self.dataset[idx] for idx in possibly_batched_index]
  File "/mnt/nfs/home/st195720/SSLPDEs/SSLForPDEs/hybrid_essl.py", line 147, in __getitem__
    sample = raw.view(5, CROP_T, CROP_X, CROP_Y)
TypeError: view() takes from 0 to 2 positional arguments but 4 were given

