==================================================
Job name: hybrid_ns_future_pred
Job ID:   17884
Node:     aisa-gpuB01.ki.uni-stuttgart.de
GPUs:     1
==================================================
Using Python:
/mnt/nfs/home/st195720/SSLPDEs/SSLForPDEs/.conda/bin/python
Torch: 2.8.0+cu128
CUDA available: True
---
Staging dataset
From: /mnt/nfs/home/st195720/SSLPDEs/SSLForPDEs/datasets
To:   /tmp/datasets
---
Data staging complete.
---
Starting Evaluation Hybrid
---
Started at Mon Feb  2 10:36:37 PM CET 2026

=== Training one-step predictor ===
[TS] Epoch 0 | Train MSE = 0.059227
[TS] Epoch 1 | Train MSE = 0.048377
[TS] Epoch 2 | Train MSE = 0.043621
[TS] Epoch 3 | Train MSE = 0.040091
[TS] Epoch 4 | Train MSE = 0.038600
[TS] Epoch 5 | Train MSE = 0.039677
[TS] Epoch 6 | Train MSE = 0.037565
[TS] Epoch 7 | Train MSE = 0.037990
[TS] Epoch 8 | Train MSE = 0.038446
[TS] Epoch 9 | Train MSE = 0.036926
[TS] Epoch 10 | Train MSE = 0.036805
[TS] Epoch 11 | Train MSE = 0.036942
[TS] Epoch 12 | Train MSE = 0.037618
[TS] Epoch 13 | Train MSE = 0.036294
[TS] Epoch 14 | Train MSE = 0.036291
[TS] Epoch 15 | Train MSE = 0.035375
[TS] Epoch 16 | Train MSE = 0.035972
[TS] Epoch 17 | Train MSE = 0.036030
[TS] Epoch 18 | Train MSE = 0.035292
[TS] Epoch 19 | Train MSE = 0.035821

=== Evaluating one-step predictor (TEST) ===

===== TIME-STEPPING TEST RESULTS =====
One-step TEST MSE: 0.032179
Plots saved to: results/plots
====================================

=== Training regression head ===
[REG] Epoch 0 | MSE = 0.349002
[REG] Epoch 1 | MSE = 0.256027
[REG] Epoch 2 | MSE = 0.180098
[REG] Epoch 3 | MSE = 0.106640
[REG] Epoch 4 | MSE = 0.069061
[REG] Epoch 5 | MSE = 0.048712
[REG] Epoch 6 | MSE = 0.040531
[REG] Epoch 7 | MSE = 0.033890
[REG] Epoch 8 | MSE = 0.037143
[REG] Epoch 9 | MSE = 0.034497
[REG] Epoch 10 | MSE = 0.039403
[REG] Epoch 11 | MSE = 0.037108
[REG] Epoch 12 | MSE = 0.034951
[REG] Epoch 13 | MSE = 0.032395
[REG] Epoch 14 | MSE = 0.035038
[REG] Epoch 15 | MSE = 0.033638
[REG] Epoch 16 | MSE = 0.035532
[REG] Epoch 17 | MSE = 0.033875
[REG] Epoch 18 | MSE = 0.032461
[REG] Epoch 19 | MSE = 0.033866
[REG] Epoch 20 | MSE = 0.030243
[REG] Epoch 21 | MSE = 0.032592
[REG] Epoch 22 | MSE = 0.032208
[REG] Epoch 23 | MSE = 0.032250
[REG] Epoch 24 | MSE = 0.032319
[REG] Epoch 25 | MSE = 0.032909
[REG] Epoch 26 | MSE = 0.031486
[REG] Epoch 27 | MSE = 0.031490
[REG] Epoch 28 | MSE = 0.031102
[REG] Epoch 29 | MSE = 0.030153
Finished at Mon Feb  2 10:43:53 PM CET 2026
