==================================================
Job name: hybrid_ns_future_pred
Job ID:   17886
Node:     aisa-gpuB01.ki.uni-stuttgart.de
GPUs:     1
==================================================
Using Python:
/mnt/nfs/home/st195720/SSLPDEs/SSLForPDEs/.conda/bin/python
Torch: 2.8.0+cu128
CUDA available: True
---
Staging dataset
From: /mnt/nfs/home/st195720/SSLPDEs/SSLForPDEs/datasets
To:   /tmp/datasets
---
Data staging complete.
---
Starting Evaluation Hybrid
---
Started at Mon Feb  2 10:56:07 PM CET 2026

=== Training one-step predictor ===
[TS] Epoch 0 | Train MSE = 0.055689
[TS] Epoch 1 | Train MSE = 0.046734
[TS] Epoch 2 | Train MSE = 0.042359
[TS] Epoch 3 | Train MSE = 0.039774
[TS] Epoch 4 | Train MSE = 0.039665
[TS] Epoch 5 | Train MSE = 0.039269
[TS] Epoch 6 | Train MSE = 0.038185
[TS] Epoch 7 | Train MSE = 0.037236
[TS] Epoch 8 | Train MSE = 0.037758
[TS] Epoch 9 | Train MSE = 0.037525
[TS] Epoch 10 | Train MSE = 0.037289
[TS] Epoch 11 | Train MSE = 0.035523
[TS] Epoch 12 | Train MSE = 0.035588
[TS] Epoch 13 | Train MSE = 0.035846
[TS] Epoch 14 | Train MSE = 0.035669
[TS] Epoch 15 | Train MSE = 0.035903
[TS] Epoch 16 | Train MSE = 0.036047
[TS] Epoch 17 | Train MSE = 0.035032
[TS] Epoch 18 | Train MSE = 0.034759
[TS] Epoch 19 | Train MSE = 0.034464

=== Evaluating one-step predictor ===

One-step TEST MSE: 0.031360

=== Training regression head ===
[REG] Epoch 0 | Val MSE = 0.404102
[REG] Epoch 1 | Val MSE = 0.282248
[REG] Epoch 2 | Val MSE = 0.189517
[REG] Epoch 3 | Val MSE = 0.118965
[REG] Epoch 4 | Val MSE = 0.072746
[REG] Epoch 5 | Val MSE = 0.038250
[REG] Epoch 6 | Val MSE = 0.021710
[REG] Epoch 7 | Val MSE = 0.016173
[REG] Epoch 8 | Val MSE = 0.013554
[REG] Epoch 9 | Val MSE = 0.013867
[REG] Epoch 10 | Val MSE = 0.014052
[REG] Epoch 11 | Val MSE = 0.013128
[REG] Epoch 12 | Val MSE = 0.013387
[REG] Epoch 13 | Val MSE = 0.013367
[REG] Epoch 14 | Val MSE = 0.013184
[REG] Epoch 15 | Val MSE = 0.013507
[REG] Epoch 16 | Val MSE = 0.013768
[REG] Epoch 17 | Val MSE = 0.012436
[REG] Epoch 18 | Val MSE = 0.012901
[REG] Epoch 19 | Val MSE = 0.012936
[REG] Epoch 20 | Val MSE = 0.012254
[REG] Epoch 21 | Val MSE = 0.013093
[REG] Epoch 22 | Val MSE = 0.013132
[REG] Epoch 23 | Val MSE = 0.013404
[REG] Epoch 24 | Val MSE = 0.012685
[REG] Epoch 25 | Val MSE = 0.012782
[REG] Epoch 26 | Val MSE = 0.011821
[REG] Epoch 27 | Val MSE = 0.012406
[REG] Epoch 28 | Val MSE = 0.012156
[REG] Epoch 29 | Val MSE = 0.011983

=== Evaluating regression (VAL) ===

[REG] VAL MSE : 0.011964
[REG] VAL RMSE: 0.109380

=== Evaluating regression (TEST) ===

[REG] TEST MSE : 0.012366
[REG] TEST RMSE: 0.111204
Finished at Mon Feb  2 11:03:26 PM CET 2026
