==================================================
Job name: hybrid_essl_ns
Job ID:   17786
Node:     aisa-gpuB01.ki.uni-stuttgart.de
GPUs:     1
==================================================
Using Python:
/mnt/nfs/home/st195720/SSLPDEs/SSLForPDEs/.conda/bin/python
Torch: 2.8.0+cu128
CUDA available: True
---
Staging dataset
From: /mnt/nfs/home/st195720/SSLPDEs/SSLForPDEs/datasets
To:   /tmp/datasets
---
Data staging complete.
---
Starting Hybrid E-SSL
---
Started at Sun Feb  1 07:11:26 PM CET 2026
[Epoch 0] Loss = 57.2424
[Epoch 1] Loss = 46.9781
