==================================================
Job name: ns_future_pred
Job ID:   17498
Node:     aisa-gpuB03.ki.uni-stuttgart.de
GPUs:     1
==================================================
Using Python:
/mnt/nfs/home/st195720/SSLPDEs/SSLForPDEs/.conda/bin/python
Torch: 2.8.0+cu128
CUDA available: True
---
Staging dataset
From: /mnt/nfs/home/st195720/SSLPDEs/SSLForPDEs/datasets
To:   /tmp/datasets
---
Data staging complete.
---
Starting Navier–Stokes future-state prediction
---
Started at Wed Jan 28 12:39:29 AM CET 2026
=== TRAINING SCRIPT STARTED ===
[Epoch 0] Train block MSE: 55.723663
[Epoch 1] Train block MSE: 0.262539
[Epoch 2] Train block MSE: 0.160610
[Epoch 3] Train block MSE: 0.146390
[Epoch 4] Train block MSE: 0.137721
[Epoch 5] Train block MSE: 0.133683
[Epoch 6] Train block MSE: 0.130306
[Epoch 7] Train block MSE: 0.129979
[Epoch 8] Train block MSE: 0.125303
[Epoch 9] Train block MSE: 0.133508
[Epoch 10] Train block MSE: 0.128874
[Epoch 11] Train block MSE: 0.134096
[Epoch 12] Train block MSE: 0.125189
[Epoch 13] Train block MSE: 0.127036
[Epoch 14] Train block MSE: 0.135140
[Epoch 15] Train block MSE: 0.141635
[Epoch 16] Train block MSE: 0.121875
[Epoch 17] Train block MSE: 0.147257
[Epoch 18] Train block MSE: 0.125630
[Epoch 19] Train block MSE: 0.133205
=================================
Block prediction MSE  = 0.128773
Block prediction NMSE = 0.000151
Plots saved to: plots
Finished at Wed Jan 28 12:56:14 AM CET 2026
