==================================================
Job name: ns_future_pred
Job ID:   17376
Node:     aisa-gpuB02.ki.uni-stuttgart.de
GPUs:     1
==================================================
Using Python:
/mnt/nfs/home/st195720/SSLPDEs/SSLForPDEs/.conda/bin/python
Torch: 2.8.0+cu128
CUDA available: True
---
Staging dataset
From: /mnt/nfs/home/st195720/SSLPDEs/SSLForPDEs/datasets
To:   /tmp/datasets
---
Data staging complete.
---
Starting Navier–Stokes future-state prediction
---
Started at Mon Jan 26 11:08:27 PM CET 2026
=== TRAINING SCRIPT STARTED ===
[Epoch 0] Train MSE: 0.057833
[Epoch 1] Train MSE: 0.046525
[Epoch 2] Train MSE: 0.044452
[Epoch 3] Train MSE: 0.042085
[Epoch 4] Train MSE: 0.040070
[Epoch 5] Train MSE: 0.039808
[Epoch 6] Train MSE: 0.038029
[Epoch 7] Train MSE: 0.039057
[Epoch 8] Train MSE: 0.038572
[Epoch 9] Train MSE: 0.037440
[Epoch 10] Train MSE: 0.036671
[Epoch 11] Train MSE: 0.036248
[Epoch 12] Train MSE: 0.035621
[Epoch 13] Train MSE: 0.036291
[Epoch 14] Train MSE: 0.036646
[Epoch 15] Train MSE: 0.036225
[Epoch 16] Train MSE: 0.036149
[Epoch 17] Train MSE: 0.035832
[Epoch 18] Train MSE: 0.034170
[Epoch 19] Train MSE: 0.035796
=================================
Effective rollout steps = 15
Test MSE  = 842.323068
Test NMSE = 0.952646
Plots saved to: future_results/plots
=================================
Finished at Mon Jan 26 11:20:06 PM CET 2026
