/mnt/nfs/home/st195720/SSLPDEs/SSLForPDEs/.conda/lib/python3.9/site-packages/torchvision/models/_utils.py:208: UserWarning: The parameter 'pretrained' is deprecated since 0.13 and may be removed in the future, please use 'weights' instead.
  warnings.warn(
/mnt/nfs/home/st195720/SSLPDEs/SSLForPDEs/.conda/lib/python3.9/site-packages/torchvision/models/_utils.py:223: UserWarning: Arguments other than a weight enum or `None` for 'weights' are deprecated since 0.13 and may be removed in the future. The current behavior is equivalent to passing `weights=None`.
  warnings.warn(msg)
Epoch 0:   0%|          | 0/312 [00:00<?, ?it/s]Epoch 0:   0%|          | 0/312 [00:02<?, ?it/s]
Traceback (most recent call last):
  File "/mnt/nfs/home/st195720/SSLPDEs/SSLForPDEs/Next_Step.py", line 249, in <module>
    encoder, solver = train()
  File "/mnt/nfs/home/st195720/SSLPDEs/SSLForPDEs/Next_Step.py", line 176, in train
    z = encoder(x_hist)
  File "/mnt/nfs/home/st195720/SSLPDEs/SSLForPDEs/.conda/lib/python3.9/site-packages/torch/nn/modules/module.py", line 1773, in _wrapped_call_impl
    return self._call_impl(*args, **kwargs)
  File "/mnt/nfs/home/st195720/SSLPDEs/SSLForPDEs/.conda/lib/python3.9/site-packages/torch/nn/modules/module.py", line 1784, in _call_impl
    return forward_call(*args, **kwargs)
  File "/mnt/nfs/home/st195720/SSLPDEs/SSLForPDEs/.conda/lib/python3.9/site-packages/torchvision/models/resnet.py", line 285, in forward
    return self._forward_impl(x)
  File "/mnt/nfs/home/st195720/SSLPDEs/SSLForPDEs/.conda/lib/python3.9/site-packages/torchvision/models/resnet.py", line 268, in _forward_impl
    x = self.conv1(x)
  File "/mnt/nfs/home/st195720/SSLPDEs/SSLForPDEs/.conda/lib/python3.9/site-packages/torch/nn/modules/module.py", line 1773, in _wrapped_call_impl
    return self._call_impl(*args, **kwargs)
  File "/mnt/nfs/home/st195720/SSLPDEs/SSLForPDEs/.conda/lib/python3.9/site-packages/torch/nn/modules/module.py", line 1784, in _call_impl
    return forward_call(*args, **kwargs)
  File "/mnt/nfs/home/st195720/SSLPDEs/SSLForPDEs/.conda/lib/python3.9/site-packages/torch/nn/modules/conv.py", line 548, in forward
    return self._conv_forward(input, self.weight, self.bias)
  File "/mnt/nfs/home/st195720/SSLPDEs/SSLForPDEs/.conda/lib/python3.9/site-packages/torch/nn/modules/conv.py", line 543, in _conv_forward
    return F.conv2d(
RuntimeError: Given groups=1, weight of size [64, 80, 7, 7], expected input[8, 75, 128, 128] to have 80 channels, but got 75 channels instead
