/mnt/nfs/home/st195720/SSLPDEs/SSLForPDEs/.conda/lib/python3.9/site-packages/torchvision/models/_utils.py:208: UserWarning: The parameter 'pretrained' is deprecated since 0.13 and may be removed in the future, please use 'weights' instead.
  warnings.warn(
/mnt/nfs/home/st195720/SSLPDEs/SSLForPDEs/.conda/lib/python3.9/site-packages/torchvision/models/_utils.py:223: UserWarning: Arguments other than a weight enum or `None` for 'weights' are deprecated since 0.13 and may be removed in the future. The current behavior is equivalent to passing `weights=None`.
  warnings.warn(msg)
Epoch 0:   0%|          | 0/312 [00:00<?, ?it/s]Epoch 0:   0%|          | 0/312 [00:00<?, ?it/s]
Traceback (most recent call last):
  File "/mnt/nfs/home/st195720/SSLPDEs/SSLForPDEs/Next_Step.py", line 248, in <module>
    encoder, solver = train()
  File "/mnt/nfs/home/st195720/SSLPDEs/SSLForPDEs/Next_Step.py", line 164, in train
    for x, _, _ in tqdm(train_loader, desc=f"Epoch {epoch}"):
  File "/mnt/nfs/home/st195720/SSLPDEs/SSLForPDEs/.conda/lib/python3.9/site-packages/tqdm/std.py", line 1181, in __iter__
    for obj in iterable:
  File "/mnt/nfs/home/st195720/SSLPDEs/SSLForPDEs/.conda/lib/python3.9/site-packages/torch/utils/data/dataloader.py", line 734, in __next__
    data = self._next_data()
  File "/mnt/nfs/home/st195720/SSLPDEs/SSLForPDEs/.conda/lib/python3.9/site-packages/torch/utils/data/dataloader.py", line 1516, in _next_data
    return self._process_data(data, worker_id)
  File "/mnt/nfs/home/st195720/SSLPDEs/SSLForPDEs/.conda/lib/python3.9/site-packages/torch/utils/data/dataloader.py", line 1551, in _process_data
    data.reraise()
  File "/mnt/nfs/home/st195720/SSLPDEs/SSLForPDEs/.conda/lib/python3.9/site-packages/torch/_utils.py", line 769, in reraise
    raise exception
TypeError: Caught TypeError in DataLoader worker process 0.
Original Traceback (most recent call last):
  File "/mnt/nfs/home/st195720/SSLPDEs/SSLForPDEs/.conda/lib/python3.9/site-packages/torch/utils/data/_utils/worker.py", line 349, in _worker_loop
    data = fetcher.fetch(index)  # type: ignore[possibly-undefined]
  File "/mnt/nfs/home/st195720/SSLPDEs/SSLForPDEs/.conda/lib/python3.9/site-packages/torch/utils/data/_utils/fetch.py", line 52, in fetch
    data = [self.dataset[idx] for idx in possibly_batched_index]
  File "/mnt/nfs/home/st195720/SSLPDEs/SSLForPDEs/.conda/lib/python3.9/site-packages/torch/utils/data/_utils/fetch.py", line 52, in <listcomp>
    data = [self.dataset[idx] for idx in possibly_batched_index]
  File "/mnt/nfs/home/st195720/SSLPDEs/SSLForPDEs/utils.py", line 174, in __getitem__
    view_1 = self.transform(sample)
  File "/mnt/nfs/home/st195720/SSLPDEs/SSLForPDEs/utils.py", line 76, in __call__
    vals.append(np.random.uniform(0, self.transforms_strength[0]))
TypeError: 'NoneType' object is not subscriptable

