==================================================
Job name: ns_future_pred
Job ID:   17492
Node:     aisa-gpuB03.ki.uni-stuttgart.de
GPUs:     1
==================================================
Using Python:
/mnt/nfs/home/st195720/SSLPDEs/SSLForPDEs/.conda/bin/python
Torch: 2.8.0+cu128
CUDA available: True
---
Staging dataset
From: /mnt/nfs/home/st195720/SSLPDEs/SSLForPDEs/datasets
To:   /tmp/datasets
---
Data staging complete.
---
Starting Navier–Stokes future-state prediction
---
Started at Wed Jan 28 12:15:04 AM CET 2026
=== TRAINING SCRIPT STARTED ===
[Epoch 0] Train block MSE: 57.942022
[Epoch 1] Train block MSE: 0.271759
[Epoch 2] Train block MSE: 0.162266
[Epoch 3] Train block MSE: 0.146348
[Epoch 4] Train block MSE: 0.137098
[Epoch 5] Train block MSE: 0.131784
[Epoch 6] Train block MSE: 0.132750
[Epoch 7] Train block MSE: 0.129409
[Epoch 8] Train block MSE: 0.128776
[Epoch 9] Train block MSE: 0.131898
[Epoch 10] Train block MSE: 0.125991
[Epoch 11] Train block MSE: 0.127337
[Epoch 12] Train block MSE: 0.131485
[Epoch 13] Train block MSE: 0.130640
[Epoch 14] Train block MSE: 0.128358
[Epoch 15] Train block MSE: 0.140587
[Epoch 16] Train block MSE: 0.122303
[Epoch 17] Train block MSE: 0.133704
[Epoch 18] Train block MSE: 0.141920
[Epoch 19] Train block MSE: 0.130351
=================================
Block prediction MSE  = 0.124057
Block prediction NMSE = 0.000144
Plots saved to: plots
Finished at Wed Jan 28 12:29:01 AM CET 2026
