==================================================
Job name: ns_future_pred
Job ID:   17490
Node:     aisa-gpuB02.ki.uni-stuttgart.de
GPUs:     1
==================================================
Using Python:
/mnt/nfs/home/st195720/SSLPDEs/SSLForPDEs/.conda/bin/python
Torch: 2.8.0+cu128
CUDA available: True
---
Staging dataset
From: /mnt/nfs/home/st195720/SSLPDEs/SSLForPDEs/datasets
To:   /tmp/datasets
---
Data staging complete.
---
Starting Navier–Stokes future-state prediction
---
Started at Tue Jan 27 11:36:53 PM CET 2026
=== TRAINING SCRIPT STARTED ===
[Epoch 0] Train block MSE: 57.917524
[Epoch 1] Train block MSE: 0.507565
[Epoch 2] Train block MSE: 0.198643
[Epoch 3] Train block MSE: 0.166936
[Epoch 4] Train block MSE: 0.150843
[Epoch 5] Train block MSE: 0.141587
[Epoch 6] Train block MSE: 0.134172
[Epoch 7] Train block MSE: 0.131132
[Epoch 8] Train block MSE: 0.127821
[Epoch 9] Train block MSE: 0.127897
[Epoch 10] Train block MSE: 0.131090
[Epoch 11] Train block MSE: 0.124988
[Epoch 12] Train block MSE: 0.125691
[Epoch 13] Train block MSE: 0.130209
[Epoch 14] Train block MSE: 0.139387
[Epoch 15] Train block MSE: 0.123798
[Epoch 16] Train block MSE: 0.136401
[Epoch 17] Train block MSE: 0.130803
[Epoch 18] Train block MSE: 0.127202
[Epoch 19] Train block MSE: 0.137129
=================================
Block prediction MSE  = 0.113287
Block prediction NMSE = 0.000129
Plots saved to: plots
Finished at Tue Jan 27 11:51:20 PM CET 2026
