==================================================
Job name: ns_future_pred
Job ID:   16623
Node:     aisa-gpuB01.ki.uni-stuttgart.de
GPUs:     1
==================================================
Using Python:
/mnt/nfs/home/st195720/SSLPDEs/SSLForPDEs/.conda/bin/python
Torch: 2.8.0+cu128
CUDA available: True
---
Staging dataset
From: /mnt/nfs/home/st195720/SSLPDEs/SSLForPDEs/datasets
To:   /tmp/datasets
---
Data staging complete.
---
Starting Navier–Stokes future-state prediction
---
Started at Thu Jan 22 11:40:23 PM CET 2026
=== TRAINING SCRIPT STARTED ===
[Epoch 0] Train MSE: 0.058677
[Epoch 1] Train MSE: 0.047757
[Epoch 2] Train MSE: 0.043458
[Epoch 3] Train MSE: 0.041112
[Epoch 4] Train MSE: 0.040369
[Epoch 5] Train MSE: 0.039285
[Epoch 6] Train MSE: 0.039476
[Epoch 7] Train MSE: 0.037133
[Epoch 8] Train MSE: 0.038340
[Epoch 9] Train MSE: 0.037610
[Epoch 10] Train MSE: 0.037011
[Epoch 11] Train MSE: 0.036786
[Epoch 12] Train MSE: 0.036593
[Epoch 13] Train MSE: 0.035600
[Epoch 14] Train MSE: 0.036921
[Epoch 15] Train MSE: 0.034748
[Epoch 16] Train MSE: 0.035770
[Epoch 17] Train MSE: 0.035785
[Epoch 18] Train MSE: 0.034266
[Epoch 19] Train MSE: 0.034719
=================================
Test MSE  = 0.032540
Test NMSE = 0.317951
Plots saved to: future_results/plots
=================================
Finished at Thu Jan 22 11:51:46 PM CET 2026
