==================================================
Job name: ns_future_pred
Job ID:   17489
Node:     aisa-gpuB03.ki.uni-stuttgart.de
GPUs:     1
==================================================
Using Python:
/mnt/nfs/home/st195720/SSLPDEs/SSLForPDEs/.conda/bin/python
Torch: 2.8.0+cu128
CUDA available: True
---
Staging dataset
From: /mnt/nfs/home/st195720/SSLPDEs/SSLForPDEs/datasets
To:   /tmp/datasets
---
Data staging complete.
---
Starting Navier–Stokes future-state prediction
---
Started at Tue Jan 27 11:25:31 PM CET 2026
=== TRAINING SCRIPT STARTED ===
