==================================================
Job name: ns_future_pred
Job ID:   17641
Node:     aisa-gpuB01.ki.uni-stuttgart.de
GPUs:     1
==================================================
Using Python:
/mnt/nfs/home/st195720/SSLPDEs/SSLForPDEs/.conda/bin/python
Torch: 2.8.0+cu128
CUDA available: True
---
Staging dataset
From: /mnt/nfs/home/st195720/SSLPDEs/SSLForPDEs/datasets
To:   /tmp/datasets
---
Data staging complete.
---
Starting Navier–Stokes future-state prediction
---
Started at Thu Jan 29 10:26:32 PM CET 2026

===== Training one-step UNet =====
[Epoch 0] Train MSE: 0.067157
[Epoch 1] Train MSE: 0.054699
[Epoch 2] Train MSE: 0.054715
[Epoch 3] Train MSE: 0.053169
[Epoch 4] Train MSE: 0.055179
[Epoch 5] Train MSE: 0.048553
[Epoch 6] Train MSE: 0.047214
[Epoch 7] Train MSE: 0.045282
[Epoch 8] Train MSE: 0.040569
[Epoch 9] Train MSE: 0.039503
[Epoch 10] Train MSE: 0.038675
[Epoch 11] Train MSE: 0.035353
[Epoch 12] Train MSE: 0.036123
[Epoch 13] Train MSE: 0.034112
[Epoch 14] Train MSE: 0.033355
[Epoch 15] Train MSE: 0.032947
[Epoch 16] Train MSE: 0.031537
[Epoch 17] Train MSE: 0.031158
[Epoch 18] Train MSE: 0.032554
[Epoch 19] Train MSE: 0.031490

===== Evaluating one-step prediction =====

===== RESULTS =====
One-step TEST MSE: 0.027179
Plots saved to: one_step_results/plots
Finished at Thu Jan 29 10:30:49 PM CET 2026
