submitit INFO (2025-10-09 14:54:23,986) - Starting with JobEnvironment(job_id=11171, hostname=aisa-gpuB01.ki.uni-stuttgart.de, local_rank=3(4), node=0(1), global_rank=3(4))
submitit INFO (2025-10-09 14:54:23,986) - Loading pickle: /mnt/nfs/home/ac148019/SSLForPDEs/log/baseline_ns/11171_submitted.pkl
Process group: 4 tasks, rank: 3
Namespace(trotter_steps=2, trotter_order=2, tsl_t=0.0, tsl_x=1.0, tsl_y=1.0, scale=0.1, rot=0.1, lin_x=0.01, lin_y=0.01, quad_x=0.01, quad_y=0.01, crop_x=128, crop_y=128, crop_t=16, dataset_size=26624, mlp='512-512-512', no_proj=False, target_dim=1, epochs=100, batch_size=64, batch_size_eval=128, ssl_lr=0.0003, eval_lr=0.0007, wd=1e-06, sim_coeff=25.0, std_coeff=25.0, cov_coeff=1.0, num_workers=10, data_root='/tmp/dataset', logging_folder='log', exp_name='baseline_ns', supervised_only=0, slurm_partition='slowlane', slurm_gpus=4, slurm_nodes=1, slurm_timeout=2880)
Evaluating coefficient in NS...
=> Log: {'Loss/baseline_eval_train': 0.004612698685377836, 'Loss/baseline_eval_test': 0.006266066431999206, 'Loss/prediction_eval_train': 0.06822600960731506, 'Loss/prediction_eval_test': 0.09008160829544068}
epoch 0
Evaluating coefficient in NS...
=> Log: {'Loss/vicreg': 21.961244583129883, 'Relative time per epoch': 364, 'Learning rate': 0.0003, 'Epoch': 0, 'Loss/prediction_eval_train': 0.005547552835196257, 'Loss/prediction_eval_test': 0.00619790256023407}
=> Saved model at:  log/baseline_ns/model.pth 

epoch 1
epoch 2
epoch 3
epoch 4
epoch 5
epoch 6
epoch 7
epoch 8
epoch 9
epoch 10
Evaluating coefficient in NS...
=> Log: {'Loss/vicreg': 22.052610397338867, 'Relative time per epoch': 2453, 'Learning rate': 0.0003, 'Epoch': 10, 'Loss/prediction_eval_train': 0.007604376878589392, 'Loss/prediction_eval_test': 0.005505980923771858}
=> Saved model at:  log/baseline_ns/model.pth 

epoch 11
epoch 12
epoch 13
epoch 14
epoch 15
epoch 16
epoch 17
epoch 18
epoch 19
epoch 20
Evaluating coefficient in NS...
=> Log: {'Loss/vicreg': 22.039676666259766, 'Relative time per epoch': 4552, 'Learning rate': 0.0003, 'Epoch': 20, 'Loss/prediction_eval_train': 0.0058014532551169395, 'Loss/prediction_eval_test': 0.004934960603713989}
=> Saved model at:  log/baseline_ns/model.pth 

epoch 21
epoch 22
epoch 23
epoch 24
epoch 25
epoch 26
epoch 27
epoch 28
epoch 29
epoch 30
Evaluating coefficient in NS...
=> Log: {'Loss/vicreg': 21.995933532714844, 'Relative time per epoch': 6600, 'Learning rate': 0.0003, 'Epoch': 30, 'Loss/prediction_eval_train': 0.006955714430660009, 'Loss/prediction_eval_test': 0.006995116174221039}
=> Saved model at:  log/baseline_ns/model.pth 

epoch 31
epoch 32
epoch 33
epoch 34
epoch 35
epoch 36
epoch 37
epoch 38
epoch 39
epoch 40
Evaluating coefficient in NS...
=> Log: {'Loss/vicreg': 22.01072883605957, 'Relative time per epoch': 8762, 'Learning rate': 0.0003, 'Epoch': 40, 'Loss/prediction_eval_train': 0.006829246412962675, 'Loss/prediction_eval_test': 0.005763480812311173}
=> Saved model at:  log/baseline_ns/model.pth 

epoch 41
epoch 42
epoch 43
epoch 44
epoch 45
epoch 46
epoch 47
epoch 48
epoch 49
epoch 50
Evaluating coefficient in NS...
=> Log: {'Loss/vicreg': 22.016250610351562, 'Relative time per epoch': 10922, 'Learning rate': 0.0003, 'Epoch': 50, 'Loss/prediction_eval_train': 0.004551628604531288, 'Loss/prediction_eval_test': 0.00738179013133049}
=> Saved model at:  log/baseline_ns/model.pth 

epoch 51
epoch 52
epoch 53
epoch 54
epoch 55
epoch 56
epoch 57
epoch 58
epoch 59
epoch 60
Evaluating coefficient in NS...
=> Log: {'Loss/vicreg': 22.106843948364258, 'Relative time per epoch': 13095, 'Learning rate': 0.0003, 'Epoch': 60, 'Loss/prediction_eval_train': 0.007908700034022331, 'Loss/prediction_eval_test': 0.006178484112024307}
=> Saved model at:  log/baseline_ns/model.pth 

epoch 61
epoch 62
epoch 63
epoch 64
epoch 65
epoch 66
epoch 67
epoch 68
epoch 69
epoch 70
Evaluating coefficient in NS...
=> Log: {'Loss/vicreg': 22.00816535949707, 'Relative time per epoch': 15244, 'Learning rate': 0.0003, 'Epoch': 70, 'Loss/prediction_eval_train': 0.006375590339303017, 'Loss/prediction_eval_test': 0.0066775880753993985}
=> Saved model at:  log/baseline_ns/model.pth 

epoch 71
epoch 72
epoch 73
epoch 74
epoch 75
epoch 76
epoch 77
epoch 78
epoch 79
epoch 80
Evaluating coefficient in NS...
=> Log: {'Loss/vicreg': 22.002138137817383, 'Relative time per epoch': 17394, 'Learning rate': 0.0003, 'Epoch': 80, 'Loss/prediction_eval_train': 0.006443226709961891, 'Loss/prediction_eval_test': 0.006118057295680046}
=> Saved model at:  log/baseline_ns/model.pth 

epoch 81
epoch 82
epoch 83
epoch 84
epoch 85
epoch 86
epoch 87
epoch 88
epoch 89
epoch 90
Evaluating coefficient in NS...
=> Log: {'Loss/vicreg': 22.020654678344727, 'Relative time per epoch': 19397, 'Learning rate': 0.0003, 'Epoch': 90, 'Loss/prediction_eval_train': 0.007943949662148952, 'Loss/prediction_eval_test': 0.006510276347398758}
=> Saved model at:  log/baseline_ns/model.pth 

epoch 91
epoch 92
epoch 93
epoch 94
epoch 95
epoch 96
epoch 97
epoch 98
epoch 99
Evaluating coefficient in NS...
=> Log: {'Loss/vicreg': 22.098323822021484, 'Relative time per epoch': 21185, 'Learning rate': 0.0003, 'Epoch': 99, 'Loss/prediction_eval_train': 0.006692459341138601, 'Loss/prediction_eval_test': 0.006454847753047943}
submitit INFO (2025-10-09 20:49:51,335) - Job completed successfully
submitit INFO (2025-10-09 20:49:51,336) - Exiting after successful completion
