submitit INFO (2025-10-09 14:54:23,986) - Starting with JobEnvironment(job_id=11171, hostname=aisa-gpuB01.ki.uni-stuttgart.de, local_rank=1(4), node=0(1), global_rank=1(4))
submitit INFO (2025-10-09 14:54:23,986) - Loading pickle: /mnt/nfs/home/ac148019/SSLForPDEs/log/baseline_ns/11171_submitted.pkl
Process group: 4 tasks, rank: 1
Namespace(trotter_steps=2, trotter_order=2, tsl_t=0.0, tsl_x=1.0, tsl_y=1.0, scale=0.1, rot=0.1, lin_x=0.01, lin_y=0.01, quad_x=0.01, quad_y=0.01, crop_x=128, crop_y=128, crop_t=16, dataset_size=26624, mlp='512-512-512', no_proj=False, target_dim=1, epochs=100, batch_size=64, batch_size_eval=128, ssl_lr=0.0003, eval_lr=0.0007, wd=1e-06, sim_coeff=25.0, std_coeff=25.0, cov_coeff=1.0, num_workers=10, data_root='/tmp/dataset', logging_folder='log', exp_name='baseline_ns', supervised_only=0, slurm_partition='slowlane', slurm_gpus=4, slurm_nodes=1, slurm_timeout=2880)
Evaluating coefficient in NS...
=> Log: {'Loss/baseline_eval_train': 0.004280058667063713, 'Loss/baseline_eval_test': 0.004869976639747619, 'Loss/prediction_eval_train': 0.06277060508728027, 'Loss/prediction_eval_test': 0.04685450792312622}
epoch 0
Evaluating coefficient in NS...
=> Log: {'Loss/vicreg': 22.105375289916992, 'Relative time per epoch': 346, 'Learning rate': 0.0003, 'Epoch': 0, 'Loss/prediction_eval_train': 0.005822031758725643, 'Loss/prediction_eval_test': 0.005947020649909973}
=> Saved model at:  log/baseline_ns/model.pth 

epoch 1
epoch 2
epoch 3
epoch 4
epoch 5
epoch 6
epoch 7
epoch 8
epoch 9
epoch 10
Evaluating coefficient in NS...
=> Log: {'Loss/vicreg': 22.129898071289062, 'Relative time per epoch': 2523, 'Learning rate': 0.0003, 'Epoch': 10, 'Loss/prediction_eval_train': 0.005677381064742804, 'Loss/prediction_eval_test': 0.006812635809183121}
=> Saved model at:  log/baseline_ns/model.pth 

epoch 11
epoch 12
epoch 13
epoch 14
epoch 15
epoch 16
epoch 17
epoch 18
epoch 19
epoch 20
Evaluating coefficient in NS...
=> Log: {'Loss/vicreg': 22.156095504760742, 'Relative time per epoch': 4674, 'Learning rate': 0.0003, 'Epoch': 20, 'Loss/prediction_eval_train': 0.005998051725327969, 'Loss/prediction_eval_test': 0.007123769074678421}
=> Saved model at:  log/baseline_ns/model.pth 

epoch 21
epoch 22
epoch 23
epoch 24
epoch 25
epoch 26
epoch 27
epoch 28
epoch 29
epoch 30
Evaluating coefficient in NS...
=> Log: {'Loss/vicreg': 22.138755798339844, 'Relative time per epoch': 6858, 'Learning rate': 0.0003, 'Epoch': 30, 'Loss/prediction_eval_train': 0.003905093064531684, 'Loss/prediction_eval_test': 0.00751584991812706}
=> Saved model at:  log/baseline_ns/model.pth 

epoch 31
epoch 32
epoch 33
epoch 34
epoch 35
epoch 36
epoch 37
epoch 38
epoch 39
epoch 40
Evaluating coefficient in NS...
=> Log: {'Loss/vicreg': 22.087745666503906, 'Relative time per epoch': 8814, 'Learning rate': 0.0003, 'Epoch': 40, 'Loss/prediction_eval_train': 0.005075146444141865, 'Loss/prediction_eval_test': 0.0064932510256767275}
=> Saved model at:  log/baseline_ns/model.pth 

epoch 41
epoch 42
epoch 43
epoch 44
epoch 45
epoch 46
epoch 47
epoch 48
epoch 49
epoch 50
Evaluating coefficient in NS...
=> Log: {'Loss/vicreg': 21.952016830444336, 'Relative time per epoch': 10882, 'Learning rate': 0.0003, 'Epoch': 50, 'Loss/prediction_eval_train': 0.006697764620184898, 'Loss/prediction_eval_test': 0.0073881886899471285}
=> Saved model at:  log/baseline_ns/model.pth 

epoch 51
epoch 52
epoch 53
epoch 54
epoch 55
epoch 56
epoch 57
epoch 58
epoch 59
epoch 60
Evaluating coefficient in NS...
=> Log: {'Loss/vicreg': 22.02790641784668, 'Relative time per epoch': 12998, 'Learning rate': 0.0003, 'Epoch': 60, 'Loss/prediction_eval_train': 0.010243270546197891, 'Loss/prediction_eval_test': 0.006033035740256309}
=> Saved model at:  log/baseline_ns/model.pth 

epoch 61
epoch 62
epoch 63
epoch 64
epoch 65
epoch 66
epoch 67
epoch 68
epoch 69
epoch 70
Evaluating coefficient in NS...
=> Log: {'Loss/vicreg': 22.089130401611328, 'Relative time per epoch': 15074, 'Learning rate': 0.0003, 'Epoch': 70, 'Loss/prediction_eval_train': 0.0047446973621845245, 'Loss/prediction_eval_test': 0.005802978575229645}
=> Saved model at:  log/baseline_ns/model.pth 

epoch 71
epoch 72
epoch 73
epoch 74
epoch 75
epoch 76
epoch 77
epoch 78
epoch 79
epoch 80
Evaluating coefficient in NS...
=> Log: {'Loss/vicreg': 22.081592559814453, 'Relative time per epoch': 17080, 'Learning rate': 0.0003, 'Epoch': 80, 'Loss/prediction_eval_train': 0.00563022680580616, 'Loss/prediction_eval_test': 0.008633652329444885}
=> Saved model at:  log/baseline_ns/model.pth 

epoch 81
epoch 82
epoch 83
epoch 84
epoch 85
epoch 86
epoch 87
epoch 88
epoch 89
epoch 90
Evaluating coefficient in NS...
=> Log: {'Loss/vicreg': 21.992345809936523, 'Relative time per epoch': 19209, 'Learning rate': 0.0003, 'Epoch': 90, 'Loss/prediction_eval_train': 0.006075370125472546, 'Loss/prediction_eval_test': 0.007637963443994522}
=> Saved model at:  log/baseline_ns/model.pth 

epoch 91
epoch 92
epoch 93
epoch 94
epoch 95
epoch 96
epoch 97
epoch 98
epoch 99
Evaluating coefficient in NS...
=> Log: {'Loss/vicreg': 21.954418182373047, 'Relative time per epoch': 21140, 'Learning rate': 0.0003, 'Epoch': 99, 'Loss/prediction_eval_train': 0.0039009111933410168, 'Loss/prediction_eval_test': 0.00587562657892704}
submitit INFO (2025-10-09 20:49:18,469) - Job completed successfully
submitit INFO (2025-10-09 20:49:18,473) - Exiting after successful completion
